Using pre-set license
Built from '2021.3/staging' branch; Version is '2021.3.10f1 (1c7d0df0160b) revision 1867021'; Using compiler version '192829333'; Build Type 'Release'
OS: 'Windows 10  (10.0.19044) 64bit Education' Language: 'ko' Physical Memory: 16297 MB
BatchMode: 1, IsHumanControllingUs: 0, StartBugReporterOnCrash: 0, Is64bit: 1, IsPro: 1

COMMAND LINE ARGUMENTS:
C:\Program Files\Unity\Hub\Editor\2021.3.10f1\Editor\Unity.exe
-adb2
-batchMode
-noUpm
-name
AssetImportWorker6
-projectPath
C:/Users/Administrator/Desktop/2D Run Game
-logFile
Logs/AssetImportWorker6.log
-srvPort
50088
Successfully changed project path to: C:/Users/Administrator/Desktop/2D Run Game
C:/Users/Administrator/Desktop/2D Run Game
[UnityMemory] Configuration Parameters - Can be set up in boot.config
    "memorysetup-bucket-allocator-granularity=16"
    "memorysetup-bucket-allocator-bucket-count=8"
    "memorysetup-bucket-allocator-block-size=33554432"
    "memorysetup-bucket-allocator-block-count=8"
    "memorysetup-main-allocator-block-size=16777216"
    "memorysetup-thread-allocator-block-size=16777216"
    "memorysetup-gfx-main-allocator-block-size=16777216"
    "memorysetup-gfx-thread-allocator-block-size=16777216"
    "memorysetup-cache-allocator-block-size=4194304"
    "memorysetup-typetree-allocator-block-size=2097152"
    "memorysetup-profiler-bucket-allocator-granularity=16"
    "memorysetup-profiler-bucket-allocator-bucket-count=8"
    "memorysetup-profiler-bucket-allocator-block-size=33554432"
    "memorysetup-profiler-bucket-allocator-block-count=8"
    "memorysetup-profiler-allocator-block-size=16777216"
    "memorysetup-profiler-editor-allocator-block-size=1048576"
    "memorysetup-temp-allocator-size-main=16777216"
    "memorysetup-job-temp-allocator-block-size=2097152"
    "memorysetup-job-temp-allocator-block-size-background=1048576"
    "memorysetup-job-temp-allocator-reduction-small-platforms=262144"
    "memorysetup-temp-allocator-size-background-worker=32768"
    "memorysetup-temp-allocator-size-job-worker=262144"
    "memorysetup-temp-allocator-size-preload-manager=33554432"
    "memorysetup-temp-allocator-size-nav-mesh-worker=65536"
    "memorysetup-temp-allocator-size-audio-worker=65536"
    "memorysetup-temp-allocator-size-cloud-worker=32768"
    "memorysetup-temp-allocator-size-gi-baking-worker=262144"
    "memorysetup-temp-allocator-size-gfx=262144"
Refreshing native plugins compatible for Editor in 98.03 ms, found 4 plugins.
Preloading 0 native plugins for Editor in 0.00 ms.
Initialize engine version: 2021.3.10f1 (1c7d0df0160b)
[Subsystems] Discovering subsystems at path C:/Program Files/Unity/Hub/Editor/2021.3.10f1/Editor/Data/Resources/UnitySubsystems
[Subsystems] Discovering subsystems at path C:/Users/Administrator/Desktop/2D Run Game/Assets
GfxDevice: creating device client; threaded=0; jobified=0
Direct3D:
    Version:  Direct3D 11.0 [level 11.1]
    Renderer: NVIDIA GeForce GTX 1660 (ID=0x2184)
    Vendor:   NVIDIA
    VRAM:     5992 MB
    Driver:   31.0.15.1694
Initialize mono
Mono path[0] = 'C:/Program Files/Unity/Hub/Editor/2021.3.10f1/Editor/Data/Managed'
Mono path[1] = 'C:/Program Files/Unity/Hub/Editor/2021.3.10f1/Editor/Data/MonoBleedingEdge/lib/mono/unityjit-win32'
Mono config path = 'C:/Program Files/Unity/Hub/Editor/2021.3.10f1/Editor/Data/MonoBleedingEdge/etc'
Using monoOptions --debugger-agent=transport=dt_socket,embedding=1,server=y,suspend=n,address=127.0.0.1:56636
Begin MonoManager ReloadAssembly
Registering precompiled unity dll's ...
Register platform support module: C:/Program Files/Unity/Hub/Editor/2021.3.10f1/Editor/Data/PlaybackEngines/WindowsStandaloneSupport/UnityEditor.WindowsStandalone.Extensions.dll
Registered in 0.004558 seconds.
Native extension for WindowsStandalone target not found
Refreshing native plugins compatible for Editor in 85.37 ms, found 4 plugins.
Preloading 0 native plugins for Editor in 0.00 ms.
Mono: successfully reloaded assembly
- Completed reload, in  0.583 seconds
Domain Reload Profiling:
	ReloadAssembly (584ms)
		BeginReloadAssembly (66ms)
			ExecutionOrderSort (0ms)
			DisableScriptedObjects (0ms)
			BackupInstance (0ms)
			ReleaseScriptingObjects (0ms)
			CreateAndSetChildDomain (1ms)
		EndReloadAssembly (419ms)
			LoadAssemblies (64ms)
			RebuildTransferFunctionScriptingTraits (0ms)
			SetupTypeCache (102ms)
			ReleaseScriptCaches (0ms)
			RebuildScriptCaches (25ms)
			SetupLoadedEditorAssemblies (248ms)
				LogAssemblyErrors (0ms)
				InitializePlatformSupportModulesInManaged (7ms)
				SetLoadedEditorAssemblies (0ms)
				RefreshPlugins (85ms)
				BeforeProcessingInitializeOnLoad (2ms)
				ProcessInitializeOnLoadAttributes (114ms)
				ProcessInitializeOnLoadMethodAttributes (39ms)
				AfterProcessingInitializeOnLoad (0ms)
				EditorAssembliesLoaded (0ms)
			ExecutionOrderSort2 (0ms)
			AwakeInstancesAfterBackupRestoration (0ms)
Platform modules already initialized, skipping
Registering precompiled user dll's ...
Registered in 0.005449 seconds.
Begin MonoManager ReloadAssembly
Symbol file LoadedFromMemory doesn't match image C:\Users\Administrator\Desktop\2D Run Game\Library\PackageCache\com.unity.visualscripting@1.7.8\Editor\VisualScripting.Core\Dependencies\YamlDotNet\Unity.VisualScripting.YamlDotNet.dll
Symbol file LoadedFromMemory doesn't match image C:\Users\Administrator\Desktop\2D Run Game\Library\PackageCache\com.unity.visualscripting@1.7.8\Editor\VisualScripting.Core\Dependencies\DotNetZip\Unity.VisualScripting.IonicZip.dll
Native extension for WindowsStandalone target not found
Refreshing native plugins compatible for Editor in 93.31 ms, found 4 plugins.
Preloading 0 native plugins for Editor in 0.00 ms.
Mono: successfully reloaded assembly
- Completed reload, in  1.083 seconds
Domain Reload Profiling:
	ReloadAssembly (1084ms)
		BeginReloadAssembly (96ms)
			ExecutionOrderSort (0ms)
			DisableScriptedObjects (5ms)
			BackupInstance (0ms)
			ReleaseScriptingObjects (0ms)
			CreateAndSetChildDomain (19ms)
		EndReloadAssembly (892ms)
			LoadAssemblies (74ms)
			RebuildTransferFunctionScriptingTraits (0ms)
			SetupTypeCache (220ms)
			ReleaseScriptCaches (1ms)
			RebuildScriptCaches (65ms)
			SetupLoadedEditorAssemblies (467ms)
				LogAssemblyErrors (0ms)
				InitializePlatformSupportModulesInManaged (4ms)
				SetLoadedEditorAssemblies (0ms)
				RefreshPlugins (93ms)
				BeforeProcessingInitializeOnLoad (94ms)
				ProcessInitializeOnLoadAttributes (209ms)
				ProcessInitializeOnLoadMethodAttributes (59ms)
				AfterProcessingInitializeOnLoad (8ms)
				EditorAssembliesLoaded (0ms)
			ExecutionOrderSort2 (0ms)
			AwakeInstancesAfterBackupRestoration (6ms)
Platform modules already initialized, skipping
========================================================================
Worker process is ready to serve import requests
Launched and connected shader compiler UnityShaderCompiler.exe after 0.03 seconds
Refreshing native plugins compatible for Editor in 0.76 ms, found 4 plugins.
Preloading 0 native plugins for Editor in 0.00 ms.
Unloading 4069 Unused Serialized files (Serialized files now loaded: 0)
Unloading 44 unused Assets / (229.1 KB). Loaded Objects now: 4520.
Memory consumption went from 151.4 MB to 151.2 MB.
Total: 5.074600 ms (FindLiveObjects: 0.666400 ms CreateObjectMapping: 0.456100 ms MarkObjects: 3.623500 ms  DeleteObjects: 0.326300 ms)

AssetImportParameters requested are different than current active one (requested -> active):
  custom:video-decoder-ogg-theora: a1e56fd34408186e4bbccfd4996cb3dc -> 
  custom:container-muxer-webm: aa71ff27fc2769a1b78a27578f13a17b -> 
  custom:container-demuxer-webm: 4f35f7cbe854078d1ac9338744f61a02 -> 
  custom:video-encoder-webm-vp8: eb34c28f22e8b96e1ab97ce403110664 -> 
  custom:audio-encoder-webm-vorbis: bf7c407c2cedff20999df2af8eb42d56 -> 
  custom:framework-win-MediaFoundation: 216162199b28c13a410421893ffa2e32 -> 
  custom:container-demuxer-ogg: 62fdf1f143b41e24485cea50d1cbac27 -> 
  custom:video-decoder-webm-vp8: 9c59270c3fd7afecdb556c50c9e8de78 -> 
  custom:audio-decoder-ogg-vorbis: bf7c407c2cedff20999df2af8eb42d56 -> 
========================================================================
Received Import Request.
  Time since last request: 5962.685873 seconds.
  path: Assets/SunnyLand Artwork/Environment/Tileset/tileset_40.asset
  artifactKey: Guid(ba033f5fb6dbff241a3b9eb280514941) Importer(815301076,1909f56bfc062723c751e8b465ee728b)
Start importing Assets/SunnyLand Artwork/Environment/Tileset/tileset_40.asset using Guid(ba033f5fb6dbff241a3b9eb280514941) Importer(815301076,1909f56bfc062723c751e8b465ee728b)  -> (artifact id: 'b486ec2b625d013ff2e980de828b329c') in 0.046941 seconds 
========================================================================
Received Import Request.
  Time since last request: 0.000032 seconds.
  path: Assets/SunnyLand Artwork/Environment/Tileset/tileset_39.asset
  artifactKey: Guid(78bb579ed98620c499dd9d9466fd48d6) Importer(815301076,1909f56bfc062723c751e8b465ee728b)
Start importing Assets/SunnyLand Artwork/Environment/Tileset/tileset_39.asset using Guid(78bb579ed98620c499dd9d9466fd48d6) Importer(815301076,1909f56bfc062723c751e8b465ee728b)  -> (artifact id: '0ada9606f0a32164c8174b54a359a57c') in 0.011919 seconds 
========================================================================
Received Import Request.
  Time since last request: 0.000032 seconds.
  path: Assets/SunnyLand Artwork/Environment/Tileset/tileset_43.asset
  artifactKey: Guid(6d465937af972e84fba7cae24fba1ca4) Importer(815301076,1909f56bfc062723c751e8b465ee728b)
Start importing Assets/SunnyLand Artwork/Environment/Tileset/tileset_43.asset using Guid(6d465937af972e84fba7cae24fba1ca4) Importer(815301076,1909f56bfc062723c751e8b465ee728b)  -> (artifact id: 'e2fdabf628f7fedc07cb87a72427ee2e') in 0.009991 seconds 
========================================================================
Received Import Request.
  Time since last request: 0.541600 seconds.
  path: Assets/SunnyLand Artwork/Environment/Tileset/tileset_48.asset
  artifactKey: Guid(73368284854e0e14ba45ea3973b06527) Importer(815301076,1909f56bfc062723c751e8b465ee728b)
Start importing Assets/SunnyLand Artwork/Environment/Tileset/tileset_48.asset using Guid(73368284854e0e14ba45ea3973b06527) Importer(815301076,1909f56bfc062723c751e8b465ee728b)  -> (artifact id: '060da998ccdf7bcbe846c72fabf840e8') in 0.011652 seconds 
========================================================================
Received Import Request.
  Time since last request: 0.000015 seconds.
  path: Assets/SunnyLand Artwork/Environment/Tileset/tileset_55.asset
  artifactKey: Guid(2f46a677f1d64fc4e915ba1df3bb3a49) Importer(815301076,1909f56bfc062723c751e8b465ee728b)
Start importing Assets/SunnyLand Artwork/Environment/Tileset/tileset_55.asset using Guid(2f46a677f1d64fc4e915ba1df3bb3a49) Importer(815301076,1909f56bfc062723c751e8b465ee728b)  -> (artifact id: '7cf0fd526028d27e61ee29171b99fdf1') in 0.011574 seconds 
========================================================================
Received Import Request.
  Time since last request: 0.000020 seconds.
  path: Assets/SunnyLand Artwork/Environment/Tileset/tileset_54.asset
  artifactKey: Guid(6bde23c1297731442991768d5629087f) Importer(815301076,1909f56bfc062723c751e8b465ee728b)
Start importing Assets/SunnyLand Artwork/Environment/Tileset/tileset_54.asset using Guid(6bde23c1297731442991768d5629087f) Importer(815301076,1909f56bfc062723c751e8b465ee728b)  -> (artifact id: '5ff1bc779b9e3f054c8e40f99448f2ab') in 0.011873 seconds 
========================================================================
Received Import Request.
  Time since last request: 0.000016 seconds.
  path: Assets/SunnyLand Artwork/Environment/Tileset/tileset_62.asset
  artifactKey: Guid(8a013f81299c04c4f93043a3e72a7a27) Importer(815301076,1909f56bfc062723c751e8b465ee728b)
Start importing Assets/SunnyLand Artwork/Environment/Tileset/tileset_62.asset using Guid(8a013f81299c04c4f93043a3e72a7a27) Importer(815301076,1909f56bfc062723c751e8b465ee728b)  -> (artifact id: 'bec356b806962a2aa89fcf6018f42f4e') in 0.011097 seconds 
========================================================================
Received Import Request.
  Time since last request: 0.027933 seconds.
  path: Assets/SunnyLand Artwork/Environment/Tileset/tileset_64.asset
  artifactKey: Guid(043c50fba3305fb4497c27debeae6229) Importer(815301076,1909f56bfc062723c751e8b465ee728b)
Start importing Assets/SunnyLand Artwork/Environment/Tileset/tileset_64.asset using Guid(043c50fba3305fb4497c27debeae6229) Importer(815301076,1909f56bfc062723c751e8b465ee728b)  -> (artifact id: 'b4476e78c845fa0a41d8eb14979e58d9') in 0.011240 seconds 
========================================================================
Received Import Request.
  Time since last request: 0.000017 seconds.
  path: Assets/SunnyLand Artwork/Environment/Tileset/tileset_73.asset
  artifactKey: Guid(72cab472d71322a4dbe1dac0c9325511) Importer(815301076,1909f56bfc062723c751e8b465ee728b)
Start importing Assets/SunnyLand Artwork/Environment/Tileset/tileset_73.asset using Guid(72cab472d71322a4dbe1dac0c9325511) Importer(815301076,1909f56bfc062723c751e8b465ee728b)  -> (artifact id: '9eb2d90c082817161fad1a168512aaad') in 0.012512 seconds 
========================================================================
Received Import Request.
  Time since last request: 0.000022 seconds.
  path: Assets/SunnyLand Artwork/Environment/Tileset/tileset_75.asset
  artifactKey: Guid(51f34e58c58e86d459d7cc970c489bf5) Importer(815301076,1909f56bfc062723c751e8b465ee728b)
Start importing Assets/SunnyLand Artwork/Environment/Tileset/tileset_75.asset using Guid(51f34e58c58e86d459d7cc970c489bf5) Importer(815301076,1909f56bfc062723c751e8b465ee728b)  -> (artifact id: 'd323087f9a1fff23e4d3f7f8cf4bb72f') in 0.014516 seconds 
========================================================================
Received Import Request.
  Time since last request: 0.000034 seconds.
  path: Assets/SunnyLand Artwork/Environment/Tileset/tileset_71.asset
  artifactKey: Guid(a8c3dcbe39df3dd49ba507b08049c60a) Importer(815301076,1909f56bfc062723c751e8b465ee728b)
Start importing Assets/SunnyLand Artwork/Environment/Tileset/tileset_71.asset using Guid(a8c3dcbe39df3dd49ba507b08049c60a) Importer(815301076,1909f56bfc062723c751e8b465ee728b)  -> (artifact id: '36e752458cc86b0439d6b01ef954e774') in 0.010905 seconds 
========================================================================
Received Import Request.
  Time since last request: 0.367254 seconds.
  path: Assets/SunnyLand Artwork/Environment/Tileset/tileset_80.asset
  artifactKey: Guid(fe0482df73ef71144b43be69c190078d) Importer(815301076,1909f56bfc062723c751e8b465ee728b)
Start importing Assets/SunnyLand Artwork/Environment/Tileset/tileset_80.asset using Guid(fe0482df73ef71144b43be69c190078d) Importer(815301076,1909f56bfc062723c751e8b465ee728b)  -> (artifact id: 'b959453f9b232d16ba5d1421c63155b4') in 0.010953 seconds 
========================================================================
Received Import Request.
  Time since last request: 0.000032 seconds.
  path: Assets/SunnyLand Artwork/Environment/Tileset/tileset_87.asset
  artifactKey: Guid(7cd17d358b6a04d4c8abf76590e11b64) Importer(815301076,1909f56bfc062723c751e8b465ee728b)
Start importing Assets/SunnyLand Artwork/Environment/Tileset/tileset_87.asset using Guid(7cd17d358b6a04d4c8abf76590e11b64) Importer(815301076,1909f56bfc062723c751e8b465ee728b)  -> (artifact id: '4b9c348c5601ead29f124987852e4307') in 0.011581 seconds 
========================================================================
Received Import Request.
  Time since last request: 0.000020 seconds.
  path: Assets/SunnyLand Artwork/Environment/Tileset/tileset_92.asset
  artifactKey: Guid(8bee58cbc172728449ee2b453c8c95b4) Importer(815301076,1909f56bfc062723c751e8b465ee728b)
Start importing Assets/SunnyLand Artwork/Environment/Tileset/tileset_92.asset using Guid(8bee58cbc172728449ee2b453c8c95b4) Importer(815301076,1909f56bfc062723c751e8b465ee728b)  -> (artifact id: '85f7ba7582fe31bf65dae02a69817d22') in 0.009651 seconds 
========================================================================
Received Import Request.
  Time since last request: 0.000030 seconds.
  path: Assets/SunnyLand Artwork/Environment/Tileset/tileset_83.asset
  artifactKey: Guid(95099d742e6b24a4382c822011e8f973) Importer(815301076,1909f56bfc062723c751e8b465ee728b)
Start importing Assets/SunnyLand Artwork/Environment/Tileset/tileset_83.asset using Guid(95099d742e6b24a4382c822011e8f973) Importer(815301076,1909f56bfc062723c751e8b465ee728b)  -> (artifact id: '1fef0b333dce3f5314b0698912d9386d') in 0.009798 seconds 
========================================================================
Received Import Request.
  Time since last request: 0.000017 seconds.
  path: Assets/SunnyLand Artwork/Environment/Tileset/tileset_96.asset
  artifactKey: Guid(6fe459224dd9c274bb22bd8bbb263e35) Importer(815301076,1909f56bfc062723c751e8b465ee728b)
Start importing Assets/SunnyLand Artwork/Environment/Tileset/tileset_96.asset using Guid(6fe459224dd9c274bb22bd8bbb263e35) Importer(815301076,1909f56bfc062723c751e8b465ee728b)  -> (artifact id: 'e52e6fa3c06e29dd93f3e8f1719798ac') in 0.010000 seconds 
========================================================================
Received Import Request.
  Time since last request: 0.000021 seconds.
  path: Assets/SunnyLand Artwork/Environment/Tileset/tileset_104.asset
  artifactKey: Guid(d3d204bff4015dc40bad3ad2de76fad2) Importer(815301076,1909f56bfc062723c751e8b465ee728b)
Start importing Assets/SunnyLand Artwork/Environment/Tileset/tileset_104.asset using Guid(d3d204bff4015dc40bad3ad2de76fad2) Importer(815301076,1909f56bfc062723c751e8b465ee728b)  -> (artifact id: 'c32c22d6b61b823b51b7c438e41ca8e3') in 0.012422 seconds 
========================================================================
Received Import Request.
  Time since last request: 0.000014 seconds.
  path: Assets/SunnyLand Artwork/Environment/Tileset/tileset_99.asset
  artifactKey: Guid(e3535a2d30549e646ab7251de9b75578) Importer(815301076,1909f56bfc062723c751e8b465ee728b)
Start importing Assets/SunnyLand Artwork/Environment/Tileset/tileset_99.asset using Guid(e3535a2d30549e646ab7251de9b75578) Importer(815301076,1909f56bfc062723c751e8b465ee728b)  -> (artifact id: 'cbb39649518ccd4efda9f2ea923729c2') in 0.012359 seconds 
========================================================================
Received Import Request.
  Time since last request: 0.000032 seconds.
  path: Assets/SunnyLand Artwork/Environment/Tileset/tileset_100.asset
  artifactKey: Guid(962ff6319a07ff847a44b3119f1b6d86) Importer(815301076,1909f56bfc062723c751e8b465ee728b)
Start importing Assets/SunnyLand Artwork/Environment/Tileset/tileset_100.asset using Guid(962ff6319a07ff847a44b3119f1b6d86) Importer(815301076,1909f56bfc062723c751e8b465ee728b)  -> (artifact id: '0bf8dd7a60caca23eb20c2fb92fd875c') in 0.014876 seconds 
========================================================================
Received Import Request.
  Time since last request: 0.238184 seconds.
  path: Assets/SunnyLand Artwork/Environment/Tileset/tileset_112.asset
  artifactKey: Guid(be1784ccbd72b6548bb94e8cbd4a0fa9) Importer(815301076,1909f56bfc062723c751e8b465ee728b)
Start importing Assets/SunnyLand Artwork/Environment/Tileset/tileset_112.asset using Guid(be1784ccbd72b6548bb94e8cbd4a0fa9) Importer(815301076,1909f56bfc062723c751e8b465ee728b)  -> (artifact id: 'd0bdf799f1156a35e4278ba085e8f088') in 0.010756 seconds 
========================================================================
Received Import Request.
  Time since last request: 0.000017 seconds.
  path: Assets/SunnyLand Artwork/Environment/Tileset/tileset_121.asset
  artifactKey: Guid(143694b4dba0f7748baf2df80fe2bebe) Importer(815301076,1909f56bfc062723c751e8b465ee728b)
Start importing Assets/SunnyLand Artwork/Environment/Tileset/tileset_121.asset using Guid(143694b4dba0f7748baf2df80fe2bebe) Importer(815301076,1909f56bfc062723c751e8b465ee728b)  -> (artifact id: 'aafc8ca0bfabcb305867f62a209babc1') in 0.011353 seconds 
========================================================================
Received Import Request.
  Time since last request: 0.000015 seconds.
  path: Assets/SunnyLand Artwork/Environment/Tileset/tileset_115.asset
  artifactKey: Guid(aee02a896be3a404790be2c0cfde883e) Importer(815301076,1909f56bfc062723c751e8b465ee728b)
Start importing Assets/SunnyLand Artwork/Environment/Tileset/tileset_115.asset using Guid(aee02a896be3a404790be2c0cfde883e) Importer(815301076,1909f56bfc062723c751e8b465ee728b)  -> (artifact id: '9cea3cf073c954247c9ab390bdd39800') in 0.012050 seconds 
========================================================================
Received Import Request.
  Time since last request: 0.000018 seconds.
  path: Assets/SunnyLand Artwork/Environment/Tileset/tileset_124.asset
  artifactKey: Guid(e17272bd9e9435b49ac24d7204412e2e) Importer(815301076,1909f56bfc062723c751e8b465ee728b)
Start importing Assets/SunnyLand Artwork/Environment/Tileset/tileset_124.asset using Guid(e17272bd9e9435b49ac24d7204412e2e) Importer(815301076,1909f56bfc062723c751e8b465ee728b)  -> (artifact id: '74988c61dba88cb8b60adc1d8ce83227') in 0.011834 seconds 
Editor requested this worker to shutdown with reason: Scaling down because of idle timeout
AssetImportWorker is now disconnected from the server
Process exiting
Exiting without the bug reporter. Application will terminate with return code 0