Using pre-set license
Built from '2021.3/staging' branch; Version is '2021.3.10f1 (1c7d0df0160b) revision 1867021'; Using compiler version '192829333'; Build Type 'Release'
OS: 'Windows 10  (10.0.19044) 64bit Education' Language: 'ko' Physical Memory: 16297 MB
BatchMode: 1, IsHumanControllingUs: 0, StartBugReporterOnCrash: 0, Is64bit: 1, IsPro: 1

COMMAND LINE ARGUMENTS:
C:\Program Files\Unity\Hub\Editor\2021.3.10f1\Editor\Unity.exe
-adb2
-batchMode
-noUpm
-name
AssetImportWorker3
-projectPath
C:/Users/Administrator/Desktop/2D Run Game
-logFile
Logs/AssetImportWorker3.log
-srvPort
50088
Successfully changed project path to: C:/Users/Administrator/Desktop/2D Run Game
C:/Users/Administrator/Desktop/2D Run Game
[UnityMemory] Configuration Parameters - Can be set up in boot.config
    "memorysetup-bucket-allocator-granularity=16"
    "memorysetup-bucket-allocator-bucket-count=8"
    "memorysetup-bucket-allocator-block-size=33554432"
    "memorysetup-bucket-allocator-block-count=8"
    "memorysetup-main-allocator-block-size=16777216"
    "memorysetup-thread-allocator-block-size=16777216"
    "memorysetup-gfx-main-allocator-block-size=16777216"
    "memorysetup-gfx-thread-allocator-block-size=16777216"
    "memorysetup-cache-allocator-block-size=4194304"
    "memorysetup-typetree-allocator-block-size=2097152"
    "memorysetup-profiler-bucket-allocator-granularity=16"
    "memorysetup-profiler-bucket-allocator-bucket-count=8"
    "memorysetup-profiler-bucket-allocator-block-size=33554432"
    "memorysetup-profiler-bucket-allocator-block-count=8"
    "memorysetup-profiler-allocator-block-size=16777216"
    "memorysetup-profiler-editor-allocator-block-size=1048576"
    "memorysetup-temp-allocator-size-main=16777216"
    "memorysetup-job-temp-allocator-block-size=2097152"
    "memorysetup-job-temp-allocator-block-size-background=1048576"
    "memorysetup-job-temp-allocator-reduction-small-platforms=262144"
    "memorysetup-temp-allocator-size-background-worker=32768"
    "memorysetup-temp-allocator-size-job-worker=262144"
    "memorysetup-temp-allocator-size-preload-manager=33554432"
    "memorysetup-temp-allocator-size-nav-mesh-worker=65536"
    "memorysetup-temp-allocator-size-audio-worker=65536"
    "memorysetup-temp-allocator-size-cloud-worker=32768"
    "memorysetup-temp-allocator-size-gi-baking-worker=262144"
    "memorysetup-temp-allocator-size-gfx=262144"
Refreshing native plugins compatible for Editor in 96.80 ms, found 4 plugins.
Preloading 0 native plugins for Editor in 0.00 ms.
Initialize engine version: 2021.3.10f1 (1c7d0df0160b)
[Subsystems] Discovering subsystems at path C:/Program Files/Unity/Hub/Editor/2021.3.10f1/Editor/Data/Resources/UnitySubsystems
[Subsystems] Discovering subsystems at path C:/Users/Administrator/Desktop/2D Run Game/Assets
GfxDevice: creating device client; threaded=0; jobified=0
Direct3D:
    Version:  Direct3D 11.0 [level 11.1]
    Renderer: NVIDIA GeForce GTX 1660 (ID=0x2184)
    Vendor:   NVIDIA
    VRAM:     5992 MB
    Driver:   31.0.15.1694
Initialize mono
Mono path[0] = 'C:/Program Files/Unity/Hub/Editor/2021.3.10f1/Editor/Data/Managed'
Mono path[1] = 'C:/Program Files/Unity/Hub/Editor/2021.3.10f1/Editor/Data/MonoBleedingEdge/lib/mono/unityjit-win32'
Mono config path = 'C:/Program Files/Unity/Hub/Editor/2021.3.10f1/Editor/Data/MonoBleedingEdge/etc'
Using monoOptions --debugger-agent=transport=dt_socket,embedding=1,server=y,suspend=n,address=127.0.0.1:56976
Begin MonoManager ReloadAssembly
Registering precompiled unity dll's ...
Register platform support module: C:/Program Files/Unity/Hub/Editor/2021.3.10f1/Editor/Data/PlaybackEngines/WindowsStandaloneSupport/UnityEditor.WindowsStandalone.Extensions.dll
Registered in 0.005221 seconds.
Native extension for WindowsStandalone target not found
Refreshing native plugins compatible for Editor in 82.67 ms, found 4 plugins.
Preloading 0 native plugins for Editor in 0.00 ms.
Mono: successfully reloaded assembly
- Completed reload, in  0.561 seconds
Domain Reload Profiling:
	ReloadAssembly (561ms)
		BeginReloadAssembly (68ms)
			ExecutionOrderSort (0ms)
			DisableScriptedObjects (0ms)
			BackupInstance (0ms)
			ReleaseScriptingObjects (0ms)
			CreateAndSetChildDomain (1ms)
		EndReloadAssembly (401ms)
			LoadAssemblies (65ms)
			RebuildTransferFunctionScriptingTraits (0ms)
			SetupTypeCache (94ms)
			ReleaseScriptCaches (0ms)
			RebuildScriptCaches (26ms)
			SetupLoadedEditorAssemblies (234ms)
				LogAssemblyErrors (0ms)
				InitializePlatformSupportModulesInManaged (7ms)
				SetLoadedEditorAssemblies (0ms)
				RefreshPlugins (83ms)
				BeforeProcessingInitializeOnLoad (1ms)
				ProcessInitializeOnLoadAttributes (105ms)
				ProcessInitializeOnLoadMethodAttributes (39ms)
				AfterProcessingInitializeOnLoad (0ms)
				EditorAssembliesLoaded (0ms)
			ExecutionOrderSort2 (0ms)
			AwakeInstancesAfterBackupRestoration (0ms)
Platform modules already initialized, skipping
Registering precompiled user dll's ...
Registered in 0.006402 seconds.
Begin MonoManager ReloadAssembly
Symbol file LoadedFromMemory doesn't match image C:\Users\Administrator\Desktop\2D Run Game\Library\PackageCache\com.unity.visualscripting@1.7.8\Editor\VisualScripting.Core\Dependencies\YamlDotNet\Unity.VisualScripting.YamlDotNet.dll
Symbol file LoadedFromMemory doesn't match image C:\Users\Administrator\Desktop\2D Run Game\Library\PackageCache\com.unity.visualscripting@1.7.8\Editor\VisualScripting.Core\Dependencies\DotNetZip\Unity.VisualScripting.IonicZip.dll
Native extension for WindowsStandalone target not found
Refreshing native plugins compatible for Editor in 89.31 ms, found 4 plugins.
Preloading 0 native plugins for Editor in 0.00 ms.
Mono: successfully reloaded assembly
- Completed reload, in  1.033 seconds
Domain Reload Profiling:
	ReloadAssembly (1034ms)
		BeginReloadAssembly (102ms)
			ExecutionOrderSort (0ms)
			DisableScriptedObjects (5ms)
			BackupInstance (0ms)
			ReleaseScriptingObjects (0ms)
			CreateAndSetChildDomain (17ms)
		EndReloadAssembly (832ms)
			LoadAssemblies (83ms)
			RebuildTransferFunctionScriptingTraits (0ms)
			SetupTypeCache (218ms)
			ReleaseScriptCaches (1ms)
			RebuildScriptCaches (51ms)
			SetupLoadedEditorAssemblies (443ms)
				LogAssemblyErrors (0ms)
				InitializePlatformSupportModulesInManaged (4ms)
				SetLoadedEditorAssemblies (0ms)
				RefreshPlugins (89ms)
				BeforeProcessingInitializeOnLoad (92ms)
				ProcessInitializeOnLoadAttributes (214ms)
				ProcessInitializeOnLoadMethodAttributes (38ms)
				AfterProcessingInitializeOnLoad (5ms)
				EditorAssembliesLoaded (0ms)
			ExecutionOrderSort2 (0ms)
			AwakeInstancesAfterBackupRestoration (6ms)
Platform modules already initialized, skipping
========================================================================
Worker process is ready to serve import requests
Launched and connected shader compiler UnityShaderCompiler.exe after 0.03 seconds
Refreshing native plugins compatible for Editor in 1.09 ms, found 4 plugins.
Preloading 0 native plugins for Editor in 0.00 ms.
Unloading 4068 Unused Serialized files (Serialized files now loaded: 0)
Unloading 44 unused Assets / (229.4 KB). Loaded Objects now: 4518.
Memory consumption went from 151.3 MB to 151.1 MB.
Total: 3.171300 ms (FindLiveObjects: 0.327200 ms CreateObjectMapping: 0.305700 ms MarkObjects: 2.395700 ms  DeleteObjects: 0.141800 ms)

AssetImportParameters requested are different than current active one (requested -> active):
  custom:video-decoder-ogg-theora: a1e56fd34408186e4bbccfd4996cb3dc -> 
  custom:container-muxer-webm: aa71ff27fc2769a1b78a27578f13a17b -> 
  custom:container-demuxer-webm: 4f35f7cbe854078d1ac9338744f61a02 -> 
  custom:video-encoder-webm-vp8: eb34c28f22e8b96e1ab97ce403110664 -> 
  custom:audio-encoder-webm-vorbis: bf7c407c2cedff20999df2af8eb42d56 -> 
  custom:framework-win-MediaFoundation: 216162199b28c13a410421893ffa2e32 -> 
  custom:container-demuxer-ogg: 62fdf1f143b41e24485cea50d1cbac27 -> 
  custom:video-decoder-webm-vp8: 9c59270c3fd7afecdb556c50c9e8de78 -> 
  custom:audio-decoder-ogg-vorbis: bf7c407c2cedff20999df2af8eb42d56 -> 
========================================================================
Received Import Request.
  Time since last request: 2412.452671 seconds.
  path: Assets/SunnyLand Artwork/Environment/Tileset/tileset-sliced_1.asset
  artifactKey: Guid(33ec2b05aed6ce54798a0f17c661f8a8) Importer(815301076,1909f56bfc062723c751e8b465ee728b)
Start importing Assets/SunnyLand Artwork/Environment/Tileset/tileset-sliced_1.asset using Guid(33ec2b05aed6ce54798a0f17c661f8a8) Importer(815301076,1909f56bfc062723c751e8b465ee728b)  -> (artifact id: '2f06c4ac4ff0ccd72ab1fa148c86cbf6') in 0.065898 seconds 
========================================================================
Received Import Request.
  Time since last request: 0.000019 seconds.
  path: Assets/SunnyLand Artwork/Environment/Tileset/tileset-sliced_6.asset
  artifactKey: Guid(86c556afa3a132048b03b316efc9f897) Importer(815301076,1909f56bfc062723c751e8b465ee728b)
Start importing Assets/SunnyLand Artwork/Environment/Tileset/tileset-sliced_6.asset using Guid(86c556afa3a132048b03b316efc9f897) Importer(815301076,1909f56bfc062723c751e8b465ee728b)  -> (artifact id: 'ee7e283370fb455329dcb979f5540f53') in 0.013442 seconds 
========================================================================
Received Import Request.
  Time since last request: 0.000026 seconds.
  path: Assets/SunnyLand Artwork/Environment/Tileset/tileset-sliced_67.asset
  artifactKey: Guid(119c502018dad434bbdccc32e76491e8) Importer(815301076,1909f56bfc062723c751e8b465ee728b)
Start importing Assets/SunnyLand Artwork/Environment/Tileset/tileset-sliced_67.asset using Guid(119c502018dad434bbdccc32e76491e8) Importer(815301076,1909f56bfc062723c751e8b465ee728b)  -> (artifact id: 'e0b33da53227a0a0d0f9f87da26e30fb') in 0.013807 seconds 
========================================================================
Received Import Request.
  Time since last request: 0.000019 seconds.
  path: Assets/SunnyLand Artwork/Environment/Tileset/tileset-sliced_47.asset
  artifactKey: Guid(6267d21089f75674e8925b33d103c902) Importer(815301076,1909f56bfc062723c751e8b465ee728b)
Start importing Assets/SunnyLand Artwork/Environment/Tileset/tileset-sliced_47.asset using Guid(6267d21089f75674e8925b33d103c902) Importer(815301076,1909f56bfc062723c751e8b465ee728b)  -> (artifact id: '46fe8639326fd1b35ae52b0ed3f13e70') in 0.020209 seconds 
========================================================================
Received Import Request.
  Time since last request: 0.000017 seconds.
  path: Assets/SunnyLand Artwork/Environment/Tileset/tileset-sliced_42.asset
  artifactKey: Guid(bd649b0ac389e614584644136213427d) Importer(815301076,1909f56bfc062723c751e8b465ee728b)
Start importing Assets/SunnyLand Artwork/Environment/Tileset/tileset-sliced_42.asset using Guid(bd649b0ac389e614584644136213427d) Importer(815301076,1909f56bfc062723c751e8b465ee728b)  -> (artifact id: 'f23a0b75334b34836ecb75d3a67b41cf') in 0.012854 seconds 
========================================================================
Received Import Request.
  Time since last request: 0.000022 seconds.
  path: Assets/SunnyLand Artwork/Environment/Tileset/tileset-sliced_9.asset
  artifactKey: Guid(01eacddc850c8594d98ac323a25210ac) Importer(815301076,1909f56bfc062723c751e8b465ee728b)
Start importing Assets/SunnyLand Artwork/Environment/Tileset/tileset-sliced_9.asset using Guid(01eacddc850c8594d98ac323a25210ac) Importer(815301076,1909f56bfc062723c751e8b465ee728b)  -> (artifact id: '17dcb432f096dca59da8dd24203da205') in 0.022658 seconds 
========================================================================
Received Import Request.
  Time since last request: 0.000018 seconds.
  path: Assets/SunnyLand Artwork/Environment/Tileset/tileset-sliced_25.asset
  artifactKey: Guid(0e4d7fffb7e9c434c9dad1d562df3bdf) Importer(815301076,1909f56bfc062723c751e8b465ee728b)
Start importing Assets/SunnyLand Artwork/Environment/Tileset/tileset-sliced_25.asset using Guid(0e4d7fffb7e9c434c9dad1d562df3bdf) Importer(815301076,1909f56bfc062723c751e8b465ee728b)  -> (artifact id: '8eeacfb660e4befba4db48f879b533e9') in 0.017707 seconds 
========================================================================
Received Import Request.
  Time since last request: 0.000023 seconds.
  path: Assets/SunnyLand Artwork/Environment/Tileset/tileset-sliced_39.asset
  artifactKey: Guid(85df98f43e21653469271533f4038122) Importer(815301076,1909f56bfc062723c751e8b465ee728b)
Start importing Assets/SunnyLand Artwork/Environment/Tileset/tileset-sliced_39.asset using Guid(85df98f43e21653469271533f4038122) Importer(815301076,1909f56bfc062723c751e8b465ee728b)  -> (artifact id: 'f76cbca25a9d03974d7b486759e308b5') in 0.016814 seconds 
========================================================================
Received Import Request.
  Time since last request: 0.000043 seconds.
  path: Assets/SunnyLand Artwork/Environment/Tileset/tileset-sliced_19.asset
  artifactKey: Guid(e7347a6ca6d80754a80ca305ccabfeb6) Importer(815301076,1909f56bfc062723c751e8b465ee728b)
Start importing Assets/SunnyLand Artwork/Environment/Tileset/tileset-sliced_19.asset using Guid(e7347a6ca6d80754a80ca305ccabfeb6) Importer(815301076,1909f56bfc062723c751e8b465ee728b)  -> (artifact id: '7eca4b1628200a4e0084e772bbc409df') in 0.014114 seconds 
========================================================================
Received Import Request.
  Time since last request: 0.000020 seconds.
  path: Assets/SunnyLand Artwork/Environment/Tileset/tileset-sliced_62.asset
  artifactKey: Guid(8eeb48ed30f7a1542b6cfeb217ae36f2) Importer(815301076,1909f56bfc062723c751e8b465ee728b)
Start importing Assets/SunnyLand Artwork/Environment/Tileset/tileset-sliced_62.asset using Guid(8eeb48ed30f7a1542b6cfeb217ae36f2) Importer(815301076,1909f56bfc062723c751e8b465ee728b)  -> (artifact id: '599a25fc8e15fd76e91ab26abe88e050') in 0.014688 seconds 
========================================================================
Received Import Request.
  Time since last request: 0.000020 seconds.
  path: Assets/SunnyLand Artwork/Environment/Tileset/tileset-sliced_70.asset
  artifactKey: Guid(812a3bb7082abc34db8466cb0104cb00) Importer(815301076,1909f56bfc062723c751e8b465ee728b)
Start importing Assets/SunnyLand Artwork/Environment/Tileset/tileset-sliced_70.asset using Guid(812a3bb7082abc34db8466cb0104cb00) Importer(815301076,1909f56bfc062723c751e8b465ee728b)  -> (artifact id: '81eba119218089257c44976ad9c37f54') in 0.013846 seconds 
========================================================================
Received Import Request.
  Time since last request: 0.000028 seconds.
  path: Assets/SunnyLand Artwork/Environment/Tileset/tileset-sliced_11.asset
  artifactKey: Guid(dbd12c47406d66c4d837cd67f6157a9f) Importer(815301076,1909f56bfc062723c751e8b465ee728b)
Start importing Assets/SunnyLand Artwork/Environment/Tileset/tileset-sliced_11.asset using Guid(dbd12c47406d66c4d837cd67f6157a9f) Importer(815301076,1909f56bfc062723c751e8b465ee728b)  -> (artifact id: '79aa95b1a515762938961b5f28ec75c0') in 0.014048 seconds 
========================================================================
Received Import Request.
  Time since last request: 0.000033 seconds.
  path: Assets/SunnyLand Artwork/Environment/Tileset/tileset-sliced_49.asset
  artifactKey: Guid(5ea81004fce0b8c43b0827f2a8fe1a17) Importer(815301076,1909f56bfc062723c751e8b465ee728b)
Start importing Assets/SunnyLand Artwork/Environment/Tileset/tileset-sliced_49.asset using Guid(5ea81004fce0b8c43b0827f2a8fe1a17) Importer(815301076,1909f56bfc062723c751e8b465ee728b)  -> (artifact id: 'c062f7e08bb70a83821184e49abc3f37') in 0.016282 seconds 
========================================================================
Received Import Request.
  Time since last request: 0.000023 seconds.
  path: Assets/SunnyLand Artwork/Environment/Tileset/tileset-sliced_2.asset
  artifactKey: Guid(6106597909d47804dad36a5aab5d99b8) Importer(815301076,1909f56bfc062723c751e8b465ee728b)
Start importing Assets/SunnyLand Artwork/Environment/Tileset/tileset-sliced_2.asset using Guid(6106597909d47804dad36a5aab5d99b8) Importer(815301076,1909f56bfc062723c751e8b465ee728b)  -> (artifact id: '1f96e4543480874105551e72340ba2e4') in 0.015643 seconds 
========================================================================
Received Import Request.
  Time since last request: 0.000027 seconds.
  path: Assets/SunnyLand Artwork/Environment/Tileset/tileset-sliced_38.asset
  artifactKey: Guid(897eed2c71ed45749b27f38e360b92fc) Importer(815301076,1909f56bfc062723c751e8b465ee728b)
Start importing Assets/SunnyLand Artwork/Environment/Tileset/tileset-sliced_38.asset using Guid(897eed2c71ed45749b27f38e360b92fc) Importer(815301076,1909f56bfc062723c751e8b465ee728b)  -> (artifact id: 'd3b576955faed37da9fbeacc3c51a6dc') in 0.012807 seconds 
========================================================================
Received Import Request.
  Time since last request: 0.000024 seconds.
  path: Assets/SunnyLand Artwork/Environment/Tileset/tileset-sliced_71.asset
  artifactKey: Guid(c2b6e1875fa9c10419f6f334f9b8183c) Importer(815301076,1909f56bfc062723c751e8b465ee728b)
Start importing Assets/SunnyLand Artwork/Environment/Tileset/tileset-sliced_71.asset using Guid(c2b6e1875fa9c10419f6f334f9b8183c) Importer(815301076,1909f56bfc062723c751e8b465ee728b)  -> (artifact id: 'ea556f96f2c924ee4a88f3cc127b5c9e') in 0.014900 seconds 
========================================================================
Received Import Request.
  Time since last request: 0.000027 seconds.
  path: Assets/SunnyLand Artwork/Environment/Tileset/tileset-sliced_64.asset
  artifactKey: Guid(289e056c352bcc0438d5a175da7cb378) Importer(815301076,1909f56bfc062723c751e8b465ee728b)
Start importing Assets/SunnyLand Artwork/Environment/Tileset/tileset-sliced_64.asset using Guid(289e056c352bcc0438d5a175da7cb378) Importer(815301076,1909f56bfc062723c751e8b465ee728b)  -> (artifact id: '120357617ab40861f156ae6ab080979f') in 0.014342 seconds 
========================================================================
Received Import Request.
  Time since last request: 0.000023 seconds.
  path: Assets/SunnyLand Artwork/Environment/Tileset/tileset-sliced_46.asset
  artifactKey: Guid(5e855e640d9e0ab4fa89e9bea8dc30de) Importer(815301076,1909f56bfc062723c751e8b465ee728b)
Start importing Assets/SunnyLand Artwork/Environment/Tileset/tileset-sliced_46.asset using Guid(5e855e640d9e0ab4fa89e9bea8dc30de) Importer(815301076,1909f56bfc062723c751e8b465ee728b)  -> (artifact id: '6f4c3c5414d793403f736efc277252a7') in 0.013263 seconds 
========================================================================
Received Import Request.
  Time since last request: 0.000029 seconds.
  path: Assets/SunnyLand Artwork/Environment/Tileset/tileset-sliced_76.asset
  artifactKey: Guid(b7a237a064cdb1745bccdc2a214306d1) Importer(815301076,1909f56bfc062723c751e8b465ee728b)
Start importing Assets/SunnyLand Artwork/Environment/Tileset/tileset-sliced_76.asset using Guid(b7a237a064cdb1745bccdc2a214306d1) Importer(815301076,1909f56bfc062723c751e8b465ee728b)  -> (artifact id: 'e333bf3c300f5ae8694b38910f448dc3') in 0.013812 seconds 
========================================================================
Received Import Request.
  Time since last request: 0.000027 seconds.
  path: Assets/SunnyLand Artwork/Environment/Tileset/tileset-sliced_15.asset
  artifactKey: Guid(32661da8ce8dd3644bc6468732fc6bf5) Importer(815301076,1909f56bfc062723c751e8b465ee728b)
Start importing Assets/SunnyLand Artwork/Environment/Tileset/tileset-sliced_15.asset using Guid(32661da8ce8dd3644bc6468732fc6bf5) Importer(815301076,1909f56bfc062723c751e8b465ee728b)  -> (artifact id: 'eb3520a23c2d8cfec1d21301d170d67d') in 0.014473 seconds 
========================================================================
Received Import Request.
  Time since last request: 0.000036 seconds.
  path: Assets/SunnyLand Artwork/Environment/Tileset/tileset-sliced_50.asset
  artifactKey: Guid(5e5eaf71b365a1f4bb567388ab72640a) Importer(815301076,1909f56bfc062723c751e8b465ee728b)
Start importing Assets/SunnyLand Artwork/Environment/Tileset/tileset-sliced_50.asset using Guid(5e5eaf71b365a1f4bb567388ab72640a) Importer(815301076,1909f56bfc062723c751e8b465ee728b)  -> (artifact id: '56f8169bee04f8d1d6a2e5cae03ccfca') in 0.013384 seconds 
========================================================================
Received Import Request.
  Time since last request: 0.000029 seconds.
  path: Assets/SunnyLand Artwork/Environment/Tileset/tileset-sliced_58.asset
  artifactKey: Guid(26a3ae836e2b82e43847066439abedc6) Importer(815301076,1909f56bfc062723c751e8b465ee728b)
Start importing Assets/SunnyLand Artwork/Environment/Tileset/tileset-sliced_58.asset using Guid(26a3ae836e2b82e43847066439abedc6) Importer(815301076,1909f56bfc062723c751e8b465ee728b)  -> (artifact id: '96f8e863e46ee6752658113ee25d47ec') in 0.014031 seconds 
========================================================================
Received Import Request.
  Time since last request: 0.000015 seconds.
  path: Assets/SunnyLand Artwork/Environment/Tileset/tileset-sliced_48.asset
  artifactKey: Guid(e5392e55430188a48bcd79da1a30765d) Importer(815301076,1909f56bfc062723c751e8b465ee728b)
Start importing Assets/SunnyLand Artwork/Environment/Tileset/tileset-sliced_48.asset using Guid(e5392e55430188a48bcd79da1a30765d) Importer(815301076,1909f56bfc062723c751e8b465ee728b)  -> (artifact id: '34a3a33e01071d9e40951ed88d963da8') in 0.014008 seconds 
========================================================================
Received Import Request.
  Time since last request: 0.000033 seconds.
  path: Assets/SunnyLand Artwork/Environment/Tileset/tileset-sliced_22.asset
  artifactKey: Guid(8c933fd3ebbc0d84c974cc1d5dcc48d9) Importer(815301076,1909f56bfc062723c751e8b465ee728b)
Start importing Assets/SunnyLand Artwork/Environment/Tileset/tileset-sliced_22.asset using Guid(8c933fd3ebbc0d84c974cc1d5dcc48d9) Importer(815301076,1909f56bfc062723c751e8b465ee728b)  -> (artifact id: 'd0b5f975c6eec21f35eb48b14cb0f3bb') in 0.013525 seconds 
========================================================================
Received Import Request.
  Time since last request: 0.000059 seconds.
  path: Assets/SunnyLand Artwork/Environment/Tileset/tileset-sliced_14.asset
  artifactKey: Guid(70ef95d2121c6204d95aeb88bfbc0504) Importer(815301076,1909f56bfc062723c751e8b465ee728b)
Start importing Assets/SunnyLand Artwork/Environment/Tileset/tileset-sliced_14.asset using Guid(70ef95d2121c6204d95aeb88bfbc0504) Importer(815301076,1909f56bfc062723c751e8b465ee728b)  -> (artifact id: 'dc2abeef57f0f51b8a293c221f4a5cb9') in 0.013879 seconds 
========================================================================
Received Import Request.
  Time since last request: 0.000022 seconds.
  path: Assets/SunnyLand Artwork/Environment/Tileset/tileset-sliced_23.asset
  artifactKey: Guid(f507f9c2862ce4846baef785fb27a5f1) Importer(815301076,1909f56bfc062723c751e8b465ee728b)
Start importing Assets/SunnyLand Artwork/Environment/Tileset/tileset-sliced_23.asset using Guid(f507f9c2862ce4846baef785fb27a5f1) Importer(815301076,1909f56bfc062723c751e8b465ee728b)  -> (artifact id: '8e44bb6524689481599c7cdf4f36d4fc') in 0.013918 seconds 
========================================================================
Received Import Request.
  Time since last request: 0.000019 seconds.
  path: Assets/SunnyLand Artwork/Environment/Tileset/tileset-sliced_17.asset
  artifactKey: Guid(b9344e08b64d36842b6d88a418a3aa1f) Importer(815301076,1909f56bfc062723c751e8b465ee728b)
Start importing Assets/SunnyLand Artwork/Environment/Tileset/tileset-sliced_17.asset using Guid(b9344e08b64d36842b6d88a418a3aa1f) Importer(815301076,1909f56bfc062723c751e8b465ee728b)  -> (artifact id: '407c7b9c05069be68aba1f64a370576f') in 0.011209 seconds 
========================================================================
Received Prepare
Registering precompiled user dll's ...
Registered in 0.005481 seconds.
Begin MonoManager ReloadAssembly
Symbol file LoadedFromMemory doesn't match image C:\Users\Administrator\Desktop\2D Run Game\Library\PackageCache\com.unity.visualscripting@1.7.8\Editor\VisualScripting.Core\Dependencies\YamlDotNet\Unity.VisualScripting.YamlDotNet.dll
Symbol file LoadedFromMemory doesn't match image C:\Users\Administrator\Desktop\2D Run Game\Library\PackageCache\com.unity.visualscripting@1.7.8\Editor\VisualScripting.Core\Dependencies\DotNetZip\Unity.VisualScripting.IonicZip.dll
Native extension for WindowsStandalone target not found
Refreshing native plugins compatible for Editor in 0.72 ms, found 4 plugins.
Preloading 0 native plugins for Editor in 0.00 ms.
Mono: successfully reloaded assembly
- Completed reload, in  0.902 seconds
Domain Reload Profiling:
	ReloadAssembly (903ms)
		BeginReloadAssembly (124ms)
			ExecutionOrderSort (0ms)
			DisableScriptedObjects (6ms)
			BackupInstance (0ms)
			ReleaseScriptingObjects (0ms)
			CreateAndSetChildDomain (40ms)
		EndReloadAssembly (696ms)
			LoadAssemblies (76ms)
			RebuildTransferFunctionScriptingTraits (0ms)
			SetupTypeCache (214ms)
			ReleaseScriptCaches (1ms)
			RebuildScriptCaches (43ms)
			SetupLoadedEditorAssemblies (318ms)
				LogAssemblyErrors (0ms)
				InitializePlatformSupportModulesInManaged (13ms)
				SetLoadedEditorAssemblies (0ms)
				RefreshPlugins (1ms)
				BeforeProcessingInitializeOnLoad (75ms)
				ProcessInitializeOnLoadAttributes (184ms)
				ProcessInitializeOnLoadMethodAttributes (39ms)
				AfterProcessingInitializeOnLoad (6ms)
				EditorAssembliesLoaded (0ms)
			ExecutionOrderSort2 (0ms)
			AwakeInstancesAfterBackupRestoration (8ms)
Platform modules already initialized, skipping
Refreshing native plugins compatible for Editor in 2.16 ms, found 4 plugins.
Preloading 0 native plugins for Editor in 0.00 ms.
Unloading 4063 Unused Serialized files (Serialized files now loaded: 0)
Unloading 31 unused Assets / (195.9 KB). Loaded Objects now: 4524.
Memory consumption went from 151.3 MB to 151.2 MB.
Total: 2.832900 ms (FindLiveObjects: 0.309800 ms CreateObjectMapping: 0.293300 ms MarkObjects: 2.105400 ms  DeleteObjects: 0.123700 ms)

AssetImportParameters requested are different than current active one (requested -> active):
  custom:video-decoder-ogg-theora: a1e56fd34408186e4bbccfd4996cb3dc -> 
  custom:container-muxer-webm: aa71ff27fc2769a1b78a27578f13a17b -> 
  custom:container-demuxer-webm: 4f35f7cbe854078d1ac9338744f61a02 -> 
  custom:video-encoder-webm-vp8: eb34c28f22e8b96e1ab97ce403110664 -> 
  custom:audio-encoder-webm-vorbis: bf7c407c2cedff20999df2af8eb42d56 -> 
  custom:framework-win-MediaFoundation: 216162199b28c13a410421893ffa2e32 -> 
  custom:container-demuxer-ogg: 62fdf1f143b41e24485cea50d1cbac27 -> 
  custom:video-decoder-webm-vp8: 9c59270c3fd7afecdb556c50c9e8de78 -> 
  custom:audio-decoder-ogg-vorbis: bf7c407c2cedff20999df2af8eb42d56 -> 
========================================================================
Received Prepare
Registering precompiled user dll's ...
Registered in 0.007747 seconds.
Begin MonoManager ReloadAssembly
Symbol file LoadedFromMemory doesn't match image C:\Users\Administrator\Desktop\2D Run Game\Library\PackageCache\com.unity.visualscripting@1.7.8\Editor\VisualScripting.Core\Dependencies\YamlDotNet\Unity.VisualScripting.YamlDotNet.dll
Symbol file LoadedFromMemory doesn't match image C:\Users\Administrator\Desktop\2D Run Game\Library\PackageCache\com.unity.visualscripting@1.7.8\Editor\VisualScripting.Core\Dependencies\DotNetZip\Unity.VisualScripting.IonicZip.dll
Native extension for WindowsStandalone target not found
Refreshing native plugins compatible for Editor in 0.80 ms, found 4 plugins.
Preloading 0 native plugins for Editor in 0.00 ms.
Mono: successfully reloaded assembly
- Completed reload, in  0.910 seconds
Domain Reload Profiling:
	ReloadAssembly (911ms)
		BeginReloadAssembly (119ms)
			ExecutionOrderSort (0ms)
			DisableScriptedObjects (7ms)
			BackupInstance (0ms)
			ReleaseScriptingObjects (0ms)
			CreateAndSetChildDomain (35ms)
		EndReloadAssembly (709ms)
			LoadAssemblies (77ms)
			RebuildTransferFunctionScriptingTraits (0ms)
			SetupTypeCache (218ms)
			ReleaseScriptCaches (1ms)
			RebuildScriptCaches (45ms)
			SetupLoadedEditorAssemblies (320ms)
				LogAssemblyErrors (0ms)
				InitializePlatformSupportModulesInManaged (11ms)
				SetLoadedEditorAssemblies (0ms)
				RefreshPlugins (1ms)
				BeforeProcessingInitializeOnLoad (78ms)
				ProcessInitializeOnLoadAttributes (187ms)
				ProcessInitializeOnLoadMethodAttributes (36ms)
				AfterProcessingInitializeOnLoad (7ms)
				EditorAssembliesLoaded (0ms)
			ExecutionOrderSort2 (0ms)
			AwakeInstancesAfterBackupRestoration (7ms)
Platform modules already initialized, skipping
Refreshing native plugins compatible for Editor in 2.14 ms, found 4 plugins.
Preloading 0 native plugins for Editor in 0.00 ms.
Unloading 4063 Unused Serialized files (Serialized files now loaded: 0)
Unloading 31 unused Assets / (195.8 KB). Loaded Objects now: 4527.
Memory consumption went from 151.4 MB to 151.2 MB.
Total: 2.910700 ms (FindLiveObjects: 0.288000 ms CreateObjectMapping: 0.214300 ms MarkObjects: 2.239300 ms  DeleteObjects: 0.168200 ms)

AssetImportParameters requested are different than current active one (requested -> active):
  custom:video-decoder-ogg-theora: a1e56fd34408186e4bbccfd4996cb3dc -> 
  custom:container-muxer-webm: aa71ff27fc2769a1b78a27578f13a17b -> 
  custom:container-demuxer-webm: 4f35f7cbe854078d1ac9338744f61a02 -> 
  custom:video-encoder-webm-vp8: eb34c28f22e8b96e1ab97ce403110664 -> 
  custom:audio-encoder-webm-vorbis: bf7c407c2cedff20999df2af8eb42d56 -> 
  custom:framework-win-MediaFoundation: 216162199b28c13a410421893ffa2e32 -> 
  custom:container-demuxer-ogg: 62fdf1f143b41e24485cea50d1cbac27 -> 
  custom:video-decoder-webm-vp8: 9c59270c3fd7afecdb556c50c9e8de78 -> 
  custom:audio-decoder-ogg-vorbis: bf7c407c2cedff20999df2af8eb42d56 -> 
========================================================================
Received Prepare
Registering precompiled user dll's ...
Registered in 0.005006 seconds.
Begin MonoManager ReloadAssembly
Symbol file LoadedFromMemory doesn't match image C:\Users\Administrator\Desktop\2D Run Game\Library\PackageCache\com.unity.visualscripting@1.7.8\Editor\VisualScripting.Core\Dependencies\YamlDotNet\Unity.VisualScripting.YamlDotNet.dll
Symbol file LoadedFromMemory doesn't match image C:\Users\Administrator\Desktop\2D Run Game\Library\PackageCache\com.unity.visualscripting@1.7.8\Editor\VisualScripting.Core\Dependencies\DotNetZip\Unity.VisualScripting.IonicZip.dll
Native extension for WindowsStandalone target not found
Refreshing native plugins compatible for Editor in 0.73 ms, found 4 plugins.
Preloading 0 native plugins for Editor in 0.00 ms.
Mono: successfully reloaded assembly
- Completed reload, in  0.900 seconds
Domain Reload Profiling:
	ReloadAssembly (901ms)
		BeginReloadAssembly (116ms)
			ExecutionOrderSort (0ms)
			DisableScriptedObjects (7ms)
			BackupInstance (0ms)
			ReleaseScriptingObjects (0ms)
			CreateAndSetChildDomain (36ms)
		EndReloadAssembly (692ms)
			LoadAssemblies (72ms)
			RebuildTransferFunctionScriptingTraits (0ms)
			SetupTypeCache (211ms)
			ReleaseScriptCaches (1ms)
			RebuildScriptCaches (55ms)
			SetupLoadedEditorAssemblies (316ms)
				LogAssemblyErrors (0ms)
				InitializePlatformSupportModulesInManaged (10ms)
				SetLoadedEditorAssemblies (0ms)
				RefreshPlugins (1ms)
				BeforeProcessingInitializeOnLoad (73ms)
				ProcessInitializeOnLoadAttributes (192ms)
				ProcessInitializeOnLoadMethodAttributes (34ms)
				AfterProcessingInitializeOnLoad (5ms)
				EditorAssembliesLoaded (0ms)
			ExecutionOrderSort2 (0ms)
			AwakeInstancesAfterBackupRestoration (7ms)
Platform modules already initialized, skipping
Refreshing native plugins compatible for Editor in 2.01 ms, found 4 plugins.
Preloading 0 native plugins for Editor in 0.00 ms.
Unloading 4064 Unused Serialized files (Serialized files now loaded: 0)
Unloading 31 unused Assets / (196.8 KB). Loaded Objects now: 4531.
Memory consumption went from 151.4 MB to 151.2 MB.
Total: 2.875800 ms (FindLiveObjects: 0.265100 ms CreateObjectMapping: 0.180900 ms MarkObjects: 2.310100 ms  DeleteObjects: 0.119100 ms)

AssetImportParameters requested are different than current active one (requested -> active):
  custom:video-decoder-ogg-theora: a1e56fd34408186e4bbccfd4996cb3dc -> 
  custom:container-muxer-webm: aa71ff27fc2769a1b78a27578f13a17b -> 
  custom:container-demuxer-webm: 4f35f7cbe854078d1ac9338744f61a02 -> 
  custom:video-encoder-webm-vp8: eb34c28f22e8b96e1ab97ce403110664 -> 
  custom:audio-encoder-webm-vorbis: bf7c407c2cedff20999df2af8eb42d56 -> 
  custom:framework-win-MediaFoundation: 216162199b28c13a410421893ffa2e32 -> 
  custom:container-demuxer-ogg: 62fdf1f143b41e24485cea50d1cbac27 -> 
  custom:video-decoder-webm-vp8: 9c59270c3fd7afecdb556c50c9e8de78 -> 
  custom:audio-decoder-ogg-vorbis: bf7c407c2cedff20999df2af8eb42d56 -> 
========================================================================
Received Prepare
Registering precompiled user dll's ...
Registered in 0.004805 seconds.
Begin MonoManager ReloadAssembly
Symbol file LoadedFromMemory doesn't match image C:\Users\Administrator\Desktop\2D Run Game\Library\PackageCache\com.unity.visualscripting@1.7.8\Editor\VisualScripting.Core\Dependencies\YamlDotNet\Unity.VisualScripting.YamlDotNet.dll
Symbol file LoadedFromMemory doesn't match image C:\Users\Administrator\Desktop\2D Run Game\Library\PackageCache\com.unity.visualscripting@1.7.8\Editor\VisualScripting.Core\Dependencies\DotNetZip\Unity.VisualScripting.IonicZip.dll
Native extension for WindowsStandalone target not found
Refreshing native plugins compatible for Editor in 1.21 ms, found 4 plugins.
Preloading 0 native plugins for Editor in 0.00 ms.
Mono: successfully reloaded assembly
- Completed reload, in  0.884 seconds
Domain Reload Profiling:
	ReloadAssembly (885ms)
		BeginReloadAssembly (116ms)
			ExecutionOrderSort (0ms)
			DisableScriptedObjects (6ms)
			BackupInstance (0ms)
			ReleaseScriptingObjects (0ms)
			CreateAndSetChildDomain (36ms)
		EndReloadAssembly (680ms)
			LoadAssemblies (73ms)
			RebuildTransferFunctionScriptingTraits (0ms)
			SetupTypeCache (210ms)
			ReleaseScriptCaches (1ms)
			RebuildScriptCaches (40ms)
			SetupLoadedEditorAssemblies (307ms)
				LogAssemblyErrors (0ms)
				InitializePlatformSupportModulesInManaged (10ms)
				SetLoadedEditorAssemblies (1ms)
				RefreshPlugins (1ms)
				BeforeProcessingInitializeOnLoad (73ms)
				ProcessInitializeOnLoadAttributes (182ms)
				ProcessInitializeOnLoadMethodAttributes (33ms)
				AfterProcessingInitializeOnLoad (8ms)
				EditorAssembliesLoaded (0ms)
			ExecutionOrderSort2 (0ms)
			AwakeInstancesAfterBackupRestoration (7ms)
Platform modules already initialized, skipping
Refreshing native plugins compatible for Editor in 1.95 ms, found 4 plugins.
Preloading 0 native plugins for Editor in 0.00 ms.
Unloading 4064 Unused Serialized files (Serialized files now loaded: 0)
Unloading 31 unused Assets / (196.0 KB). Loaded Objects now: 4534.
Memory consumption went from 151.4 MB to 151.2 MB.
Total: 2.813700 ms (FindLiveObjects: 0.325800 ms CreateObjectMapping: 0.218900 ms MarkObjects: 2.154200 ms  DeleteObjects: 0.114100 ms)

AssetImportParameters requested are different than current active one (requested -> active):
  custom:video-decoder-ogg-theora: a1e56fd34408186e4bbccfd4996cb3dc -> 
  custom:container-muxer-webm: aa71ff27fc2769a1b78a27578f13a17b -> 
  custom:container-demuxer-webm: 4f35f7cbe854078d1ac9338744f61a02 -> 
  custom:video-encoder-webm-vp8: eb34c28f22e8b96e1ab97ce403110664 -> 
  custom:audio-encoder-webm-vorbis: bf7c407c2cedff20999df2af8eb42d56 -> 
  custom:framework-win-MediaFoundation: 216162199b28c13a410421893ffa2e32 -> 
  custom:container-demuxer-ogg: 62fdf1f143b41e24485cea50d1cbac27 -> 
  custom:video-decoder-webm-vp8: 9c59270c3fd7afecdb556c50c9e8de78 -> 
  custom:audio-decoder-ogg-vorbis: bf7c407c2cedff20999df2af8eb42d56 -> 
========================================================================
Received Prepare
Registering precompiled user dll's ...
Registered in 0.005140 seconds.
Begin MonoManager ReloadAssembly
Symbol file LoadedFromMemory doesn't match image C:\Users\Administrator\Desktop\2D Run Game\Library\PackageCache\com.unity.visualscripting@1.7.8\Editor\VisualScripting.Core\Dependencies\YamlDotNet\Unity.VisualScripting.YamlDotNet.dll
Symbol file LoadedFromMemory doesn't match image C:\Users\Administrator\Desktop\2D Run Game\Library\PackageCache\com.unity.visualscripting@1.7.8\Editor\VisualScripting.Core\Dependencies\DotNetZip\Unity.VisualScripting.IonicZip.dll
Native extension for WindowsStandalone target not found
Refreshing native plugins compatible for Editor in 0.71 ms, found 4 plugins.
Preloading 0 native plugins for Editor in 0.00 ms.
Mono: successfully reloaded assembly
- Completed reload, in  0.866 seconds
Domain Reload Profiling:
	ReloadAssembly (866ms)
		BeginReloadAssembly (120ms)
			ExecutionOrderSort (0ms)
			DisableScriptedObjects (7ms)
			BackupInstance (0ms)
			ReleaseScriptingObjects (0ms)
			CreateAndSetChildDomain (38ms)
		EndReloadAssembly (658ms)
			LoadAssemblies (73ms)
			RebuildTransferFunctionScriptingTraits (0ms)
			SetupTypeCache (202ms)
			ReleaseScriptCaches (1ms)
			RebuildScriptCaches (41ms)
			SetupLoadedEditorAssemblies (301ms)
				LogAssemblyErrors (0ms)
				InitializePlatformSupportModulesInManaged (10ms)
				SetLoadedEditorAssemblies (0ms)
				RefreshPlugins (1ms)
				BeforeProcessingInitializeOnLoad (73ms)
				ProcessInitializeOnLoadAttributes (178ms)
				ProcessInitializeOnLoadMethodAttributes (34ms)
				AfterProcessingInitializeOnLoad (5ms)
				EditorAssembliesLoaded (0ms)
			ExecutionOrderSort2 (0ms)
			AwakeInstancesAfterBackupRestoration (7ms)
Platform modules already initialized, skipping
Refreshing native plugins compatible for Editor in 2.04 ms, found 4 plugins.
Preloading 0 native plugins for Editor in 0.00 ms.
Unloading 4064 Unused Serialized files (Serialized files now loaded: 0)
Unloading 31 unused Assets / (195.9 KB). Loaded Objects now: 4537.
Memory consumption went from 151.4 MB to 151.2 MB.
Total: 2.903600 ms (FindLiveObjects: 0.265700 ms CreateObjectMapping: 0.184000 ms MarkObjects: 2.329700 ms  DeleteObjects: 0.123600 ms)

AssetImportParameters requested are different than current active one (requested -> active):
  custom:video-decoder-ogg-theora: a1e56fd34408186e4bbccfd4996cb3dc -> 
  custom:container-muxer-webm: aa71ff27fc2769a1b78a27578f13a17b -> 
  custom:container-demuxer-webm: 4f35f7cbe854078d1ac9338744f61a02 -> 
  custom:video-encoder-webm-vp8: eb34c28f22e8b96e1ab97ce403110664 -> 
  custom:audio-encoder-webm-vorbis: bf7c407c2cedff20999df2af8eb42d56 -> 
  custom:framework-win-MediaFoundation: 216162199b28c13a410421893ffa2e32 -> 
  custom:container-demuxer-ogg: 62fdf1f143b41e24485cea50d1cbac27 -> 
  custom:video-decoder-webm-vp8: 9c59270c3fd7afecdb556c50c9e8de78 -> 
  custom:audio-decoder-ogg-vorbis: bf7c407c2cedff20999df2af8eb42d56 -> 
========================================================================
Received Prepare
Registering precompiled user dll's ...
Registered in 0.004918 seconds.
Begin MonoManager ReloadAssembly
Symbol file LoadedFromMemory doesn't match image C:\Users\Administrator\Desktop\2D Run Game\Library\PackageCache\com.unity.visualscripting@1.7.8\Editor\VisualScripting.Core\Dependencies\YamlDotNet\Unity.VisualScripting.YamlDotNet.dll
Symbol file LoadedFromMemory doesn't match image C:\Users\Administrator\Desktop\2D Run Game\Library\PackageCache\com.unity.visualscripting@1.7.8\Editor\VisualScripting.Core\Dependencies\DotNetZip\Unity.VisualScripting.IonicZip.dll
Native extension for WindowsStandalone target not found
Refreshing native plugins compatible for Editor in 0.83 ms, found 4 plugins.
Preloading 0 native plugins for Editor in 0.00 ms.
Mono: successfully reloaded assembly
- Completed reload, in  0.906 seconds
Domain Reload Profiling:
	ReloadAssembly (906ms)
		BeginReloadAssembly (118ms)
			ExecutionOrderSort (0ms)
			DisableScriptedObjects (6ms)
			BackupInstance (0ms)
			ReleaseScriptingObjects (0ms)
			CreateAndSetChildDomain (33ms)
		EndReloadAssembly (709ms)
			LoadAssemblies (76ms)
			RebuildTransferFunctionScriptingTraits (0ms)
			SetupTypeCache (211ms)
			ReleaseScriptCaches (1ms)
			RebuildScriptCaches (43ms)
			SetupLoadedEditorAssemblies (334ms)
				LogAssemblyErrors (0ms)
				InitializePlatformSupportModulesInManaged (11ms)
				SetLoadedEditorAssemblies (0ms)
				RefreshPlugins (1ms)
				BeforeProcessingInitializeOnLoad (77ms)
				ProcessInitializeOnLoadAttributes (200ms)
				ProcessInitializeOnLoadMethodAttributes (38ms)
				AfterProcessingInitializeOnLoad (7ms)
				EditorAssembliesLoaded (0ms)
			ExecutionOrderSort2 (0ms)
			AwakeInstancesAfterBackupRestoration (8ms)
Platform modules already initialized, skipping
Refreshing native plugins compatible for Editor in 2.14 ms, found 4 plugins.
Preloading 0 native plugins for Editor in 0.00 ms.
Unloading 4064 Unused Serialized files (Serialized files now loaded: 0)
Unloading 31 unused Assets / (196.9 KB). Loaded Objects now: 4540.
Memory consumption went from 151.4 MB to 151.3 MB.
Total: 3.203300 ms (FindLiveObjects: 0.325900 ms CreateObjectMapping: 0.306100 ms MarkObjects: 2.326200 ms  DeleteObjects: 0.244000 ms)

AssetImportParameters requested are different than current active one (requested -> active):
  custom:video-decoder-ogg-theora: a1e56fd34408186e4bbccfd4996cb3dc -> 
  custom:container-muxer-webm: aa71ff27fc2769a1b78a27578f13a17b -> 
  custom:container-demuxer-webm: 4f35f7cbe854078d1ac9338744f61a02 -> 
  custom:video-encoder-webm-vp8: eb34c28f22e8b96e1ab97ce403110664 -> 
  custom:audio-encoder-webm-vorbis: bf7c407c2cedff20999df2af8eb42d56 -> 
  custom:framework-win-MediaFoundation: 216162199b28c13a410421893ffa2e32 -> 
  custom:container-demuxer-ogg: 62fdf1f143b41e24485cea50d1cbac27 -> 
  custom:video-decoder-webm-vp8: 9c59270c3fd7afecdb556c50c9e8de78 -> 
  custom:audio-decoder-ogg-vorbis: bf7c407c2cedff20999df2af8eb42d56 -> 
========================================================================
Received Prepare
Registering precompiled user dll's ...
Registered in 0.004852 seconds.
Begin MonoManager ReloadAssembly
Symbol file LoadedFromMemory doesn't match image C:\Users\Administrator\Desktop\2D Run Game\Library\PackageCache\com.unity.visualscripting@1.7.8\Editor\VisualScripting.Core\Dependencies\YamlDotNet\Unity.VisualScripting.YamlDotNet.dll
Symbol file LoadedFromMemory doesn't match image C:\Users\Administrator\Desktop\2D Run Game\Library\PackageCache\com.unity.visualscripting@1.7.8\Editor\VisualScripting.Core\Dependencies\DotNetZip\Unity.VisualScripting.IonicZip.dll
Native extension for WindowsStandalone target not found
Refreshing native plugins compatible for Editor in 0.82 ms, found 4 plugins.
Preloading 0 native plugins for Editor in 0.00 ms.
Mono: successfully reloaded assembly
- Completed reload, in  0.938 seconds
Domain Reload Profiling:
	ReloadAssembly (939ms)
		BeginReloadAssembly (119ms)
			ExecutionOrderSort (0ms)
			DisableScriptedObjects (6ms)
			BackupInstance (0ms)
			ReleaseScriptingObjects (0ms)
			CreateAndSetChildDomain (33ms)
		EndReloadAssembly (731ms)
			LoadAssemblies (83ms)
			RebuildTransferFunctionScriptingTraits (0ms)
			SetupTypeCache (220ms)
			ReleaseScriptCaches (2ms)
			RebuildScriptCaches (59ms)
			SetupLoadedEditorAssemblies (318ms)
				LogAssemblyErrors (0ms)
				InitializePlatformSupportModulesInManaged (11ms)
				SetLoadedEditorAssemblies (0ms)
				RefreshPlugins (1ms)
				BeforeProcessingInitializeOnLoad (76ms)
				ProcessInitializeOnLoadAttributes (187ms)
				ProcessInitializeOnLoadMethodAttributes (37ms)
				AfterProcessingInitializeOnLoad (6ms)
				EditorAssembliesLoaded (0ms)
			ExecutionOrderSort2 (0ms)
			AwakeInstancesAfterBackupRestoration (7ms)
Platform modules already initialized, skipping
Refreshing native plugins compatible for Editor in 2.26 ms, found 4 plugins.
Preloading 0 native plugins for Editor in 0.00 ms.
Unloading 4064 Unused Serialized files (Serialized files now loaded: 0)
Unloading 31 unused Assets / (195.9 KB). Loaded Objects now: 4543.
Memory consumption went from 151.5 MB to 151.3 MB.
Total: 2.659300 ms (FindLiveObjects: 0.273400 ms CreateObjectMapping: 0.184800 ms MarkObjects: 2.061800 ms  DeleteObjects: 0.138500 ms)

AssetImportParameters requested are different than current active one (requested -> active):
  custom:video-decoder-ogg-theora: a1e56fd34408186e4bbccfd4996cb3dc -> 
  custom:container-muxer-webm: aa71ff27fc2769a1b78a27578f13a17b -> 
  custom:container-demuxer-webm: 4f35f7cbe854078d1ac9338744f61a02 -> 
  custom:video-encoder-webm-vp8: eb34c28f22e8b96e1ab97ce403110664 -> 
  custom:audio-encoder-webm-vorbis: bf7c407c2cedff20999df2af8eb42d56 -> 
  custom:framework-win-MediaFoundation: 216162199b28c13a410421893ffa2e32 -> 
  custom:container-demuxer-ogg: 62fdf1f143b41e24485cea50d1cbac27 -> 
  custom:video-decoder-webm-vp8: 9c59270c3fd7afecdb556c50c9e8de78 -> 
  custom:audio-decoder-ogg-vorbis: bf7c407c2cedff20999df2af8eb42d56 -> 
========================================================================
Received Prepare
Registering precompiled user dll's ...
Registered in 0.004804 seconds.
Begin MonoManager ReloadAssembly
Symbol file LoadedFromMemory doesn't match image C:\Users\Administrator\Desktop\2D Run Game\Library\PackageCache\com.unity.visualscripting@1.7.8\Editor\VisualScripting.Core\Dependencies\YamlDotNet\Unity.VisualScripting.YamlDotNet.dll
Symbol file LoadedFromMemory doesn't match image C:\Users\Administrator\Desktop\2D Run Game\Library\PackageCache\com.unity.visualscripting@1.7.8\Editor\VisualScripting.Core\Dependencies\DotNetZip\Unity.VisualScripting.IonicZip.dll
Native extension for WindowsStandalone target not found
Refreshing native plugins compatible for Editor in 1.27 ms, found 4 plugins.
Preloading 0 native plugins for Editor in 0.00 ms.
Mono: successfully reloaded assembly
- Completed reload, in  0.908 seconds
Domain Reload Profiling:
	ReloadAssembly (909ms)
		BeginReloadAssembly (114ms)
			ExecutionOrderSort (0ms)
			DisableScriptedObjects (7ms)
			BackupInstance (0ms)
			ReleaseScriptingObjects (0ms)
			CreateAndSetChildDomain (33ms)
		EndReloadAssembly (701ms)
			LoadAssemblies (74ms)
			RebuildTransferFunctionScriptingTraits (0ms)
			SetupTypeCache (209ms)
			ReleaseScriptCaches (1ms)
			RebuildScriptCaches (46ms)
			SetupLoadedEditorAssemblies (325ms)
				LogAssemblyErrors (0ms)
				InitializePlatformSupportModulesInManaged (11ms)
				SetLoadedEditorAssemblies (1ms)
				RefreshPlugins (1ms)
				BeforeProcessingInitializeOnLoad (77ms)
				ProcessInitializeOnLoadAttributes (191ms)
				ProcessInitializeOnLoadMethodAttributes (38ms)
				AfterProcessingInitializeOnLoad (6ms)
				EditorAssembliesLoaded (0ms)
			ExecutionOrderSort2 (0ms)
			AwakeInstancesAfterBackupRestoration (7ms)
Platform modules already initialized, skipping
Refreshing native plugins compatible for Editor in 2.66 ms, found 4 plugins.
Preloading 0 native plugins for Editor in 0.00 ms.
Unloading 4064 Unused Serialized files (Serialized files now loaded: 0)
Unloading 31 unused Assets / (195.7 KB). Loaded Objects now: 4546.
Memory consumption went from 151.5 MB to 151.3 MB.
Total: 2.872000 ms (FindLiveObjects: 0.361100 ms CreateObjectMapping: 0.227200 ms MarkObjects: 2.150400 ms  DeleteObjects: 0.132700 ms)

AssetImportParameters requested are different than current active one (requested -> active):
  custom:video-decoder-ogg-theora: a1e56fd34408186e4bbccfd4996cb3dc -> 
  custom:container-muxer-webm: aa71ff27fc2769a1b78a27578f13a17b -> 
  custom:container-demuxer-webm: 4f35f7cbe854078d1ac9338744f61a02 -> 
  custom:video-encoder-webm-vp8: eb34c28f22e8b96e1ab97ce403110664 -> 
  custom:audio-encoder-webm-vorbis: bf7c407c2cedff20999df2af8eb42d56 -> 
  custom:framework-win-MediaFoundation: 216162199b28c13a410421893ffa2e32 -> 
  custom:container-demuxer-ogg: 62fdf1f143b41e24485cea50d1cbac27 -> 
  custom:video-decoder-webm-vp8: 9c59270c3fd7afecdb556c50c9e8de78 -> 
  custom:audio-decoder-ogg-vorbis: bf7c407c2cedff20999df2af8eb42d56 -> 
========================================================================
Received Prepare
Registering precompiled user dll's ...
Registered in 0.005924 seconds.
Begin MonoManager ReloadAssembly
Symbol file LoadedFromMemory doesn't match image C:\Users\Administrator\Desktop\2D Run Game\Library\PackageCache\com.unity.visualscripting@1.7.8\Editor\VisualScripting.Core\Dependencies\YamlDotNet\Unity.VisualScripting.YamlDotNet.dll
Symbol file LoadedFromMemory doesn't match image C:\Users\Administrator\Desktop\2D Run Game\Library\PackageCache\com.unity.visualscripting@1.7.8\Editor\VisualScripting.Core\Dependencies\DotNetZip\Unity.VisualScripting.IonicZip.dll
Native extension for WindowsStandalone target not found
Refreshing native plugins compatible for Editor in 0.80 ms, found 4 plugins.
Preloading 0 native plugins for Editor in 0.00 ms.
Mono: successfully reloaded assembly
- Completed reload, in  0.910 seconds
Domain Reload Profiling:
	ReloadAssembly (910ms)
		BeginReloadAssembly (125ms)
			ExecutionOrderSort (0ms)
			DisableScriptedObjects (6ms)
			BackupInstance (0ms)
			ReleaseScriptingObjects (0ms)
			CreateAndSetChildDomain (37ms)
		EndReloadAssembly (697ms)
			LoadAssemblies (81ms)
			RebuildTransferFunctionScriptingTraits (0ms)
			SetupTypeCache (212ms)
			ReleaseScriptCaches (1ms)
			RebuildScriptCaches (47ms)
			SetupLoadedEditorAssemblies (316ms)
				LogAssemblyErrors (0ms)
				InitializePlatformSupportModulesInManaged (10ms)
				SetLoadedEditorAssemblies (0ms)
				RefreshPlugins (1ms)
				BeforeProcessingInitializeOnLoad (78ms)
				ProcessInitializeOnLoadAttributes (184ms)
				ProcessInitializeOnLoadMethodAttributes (36ms)
				AfterProcessingInitializeOnLoad (6ms)
				EditorAssembliesLoaded (0ms)
			ExecutionOrderSort2 (0ms)
			AwakeInstancesAfterBackupRestoration (10ms)
Platform modules already initialized, skipping
Refreshing native plugins compatible for Editor in 2.03 ms, found 4 plugins.
Preloading 0 native plugins for Editor in 0.00 ms.
Unloading 4064 Unused Serialized files (Serialized files now loaded: 0)
Unloading 31 unused Assets / (195.7 KB). Loaded Objects now: 4549.
Memory consumption went from 151.5 MB to 151.3 MB.
Total: 3.368000 ms (FindLiveObjects: 0.470300 ms CreateObjectMapping: 0.510800 ms MarkObjects: 2.239700 ms  DeleteObjects: 0.146000 ms)

AssetImportParameters requested are different than current active one (requested -> active):
  custom:video-decoder-ogg-theora: a1e56fd34408186e4bbccfd4996cb3dc -> 
  custom:container-muxer-webm: aa71ff27fc2769a1b78a27578f13a17b -> 
  custom:container-demuxer-webm: 4f35f7cbe854078d1ac9338744f61a02 -> 
  custom:video-encoder-webm-vp8: eb34c28f22e8b96e1ab97ce403110664 -> 
  custom:audio-encoder-webm-vorbis: bf7c407c2cedff20999df2af8eb42d56 -> 
  custom:framework-win-MediaFoundation: 216162199b28c13a410421893ffa2e32 -> 
  custom:container-demuxer-ogg: 62fdf1f143b41e24485cea50d1cbac27 -> 
  custom:video-decoder-webm-vp8: 9c59270c3fd7afecdb556c50c9e8de78 -> 
  custom:audio-decoder-ogg-vorbis: bf7c407c2cedff20999df2af8eb42d56 -> 
========================================================================
Received Prepare
Registering precompiled user dll's ...
Registered in 0.004896 seconds.
Begin MonoManager ReloadAssembly
Symbol file LoadedFromMemory doesn't match image C:\Users\Administrator\Desktop\2D Run Game\Library\PackageCache\com.unity.visualscripting@1.7.8\Editor\VisualScripting.Core\Dependencies\YamlDotNet\Unity.VisualScripting.YamlDotNet.dll
Symbol file LoadedFromMemory doesn't match image C:\Users\Administrator\Desktop\2D Run Game\Library\PackageCache\com.unity.visualscripting@1.7.8\Editor\VisualScripting.Core\Dependencies\DotNetZip\Unity.VisualScripting.IonicZip.dll
Native extension for WindowsStandalone target not found
Refreshing native plugins compatible for Editor in 0.76 ms, found 4 plugins.
Preloading 0 native plugins for Editor in 0.00 ms.
Mono: successfully reloaded assembly
- Completed reload, in  0.933 seconds
Domain Reload Profiling:
	ReloadAssembly (934ms)
		BeginReloadAssembly (130ms)
			ExecutionOrderSort (0ms)
			DisableScriptedObjects (7ms)
			BackupInstance (0ms)
			ReleaseScriptingObjects (0ms)
			CreateAndSetChildDomain (42ms)
		EndReloadAssembly (706ms)
			LoadAssemblies (80ms)
			RebuildTransferFunctionScriptingTraits (0ms)
			SetupTypeCache (218ms)
			ReleaseScriptCaches (1ms)
			RebuildScriptCaches (46ms)
			SetupLoadedEditorAssemblies (321ms)
				LogAssemblyErrors (0ms)
				InitializePlatformSupportModulesInManaged (11ms)
				SetLoadedEditorAssemblies (0ms)
				RefreshPlugins (1ms)
				BeforeProcessingInitializeOnLoad (77ms)
				ProcessInitializeOnLoadAttributes (190ms)
				ProcessInitializeOnLoadMethodAttributes (36ms)
				AfterProcessingInitializeOnLoad (5ms)
				EditorAssembliesLoaded (0ms)
			ExecutionOrderSort2 (0ms)
			AwakeInstancesAfterBackupRestoration (8ms)
Platform modules already initialized, skipping
Refreshing native plugins compatible for Editor in 2.84 ms, found 4 plugins.
Preloading 0 native plugins for Editor in 0.00 ms.
Unloading 4064 Unused Serialized files (Serialized files now loaded: 0)
Unloading 31 unused Assets / (195.7 KB). Loaded Objects now: 4552.
Memory consumption went from 151.5 MB to 151.3 MB.
Total: 2.803500 ms (FindLiveObjects: 0.284600 ms CreateObjectMapping: 0.232600 ms MarkObjects: 2.154800 ms  DeleteObjects: 0.130700 ms)

AssetImportParameters requested are different than current active one (requested -> active):
  custom:video-decoder-ogg-theora: a1e56fd34408186e4bbccfd4996cb3dc -> 
  custom:container-muxer-webm: aa71ff27fc2769a1b78a27578f13a17b -> 
  custom:container-demuxer-webm: 4f35f7cbe854078d1ac9338744f61a02 -> 
  custom:video-encoder-webm-vp8: eb34c28f22e8b96e1ab97ce403110664 -> 
  custom:audio-encoder-webm-vorbis: bf7c407c2cedff20999df2af8eb42d56 -> 
  custom:framework-win-MediaFoundation: 216162199b28c13a410421893ffa2e32 -> 
  custom:container-demuxer-ogg: 62fdf1f143b41e24485cea50d1cbac27 -> 
  custom:video-decoder-webm-vp8: 9c59270c3fd7afecdb556c50c9e8de78 -> 
  custom:audio-decoder-ogg-vorbis: bf7c407c2cedff20999df2af8eb42d56 -> 
========================================================================
Received Prepare
Registering precompiled user dll's ...
Registered in 0.005411 seconds.
Begin MonoManager ReloadAssembly
Symbol file LoadedFromMemory doesn't match image C:\Users\Administrator\Desktop\2D Run Game\Library\PackageCache\com.unity.visualscripting@1.7.8\Editor\VisualScripting.Core\Dependencies\YamlDotNet\Unity.VisualScripting.YamlDotNet.dll
Symbol file LoadedFromMemory doesn't match image C:\Users\Administrator\Desktop\2D Run Game\Library\PackageCache\com.unity.visualscripting@1.7.8\Editor\VisualScripting.Core\Dependencies\DotNetZip\Unity.VisualScripting.IonicZip.dll
Native extension for WindowsStandalone target not found
Refreshing native plugins compatible for Editor in 0.74 ms, found 4 plugins.
Preloading 0 native plugins for Editor in 0.00 ms.
Mono: successfully reloaded assembly
- Completed reload, in  0.901 seconds
Domain Reload Profiling:
	ReloadAssembly (902ms)
		BeginReloadAssembly (115ms)
			ExecutionOrderSort (0ms)
			DisableScriptedObjects (7ms)
			BackupInstance (0ms)
			ReleaseScriptingObjects (0ms)
			CreateAndSetChildDomain (32ms)
		EndReloadAssembly (698ms)
			LoadAssemblies (79ms)
			RebuildTransferFunctionScriptingTraits (0ms)
			SetupTypeCache (216ms)
			ReleaseScriptCaches (1ms)
			RebuildScriptCaches (43ms)
			SetupLoadedEditorAssemblies (317ms)
				LogAssemblyErrors (0ms)
				InitializePlatformSupportModulesInManaged (11ms)
				SetLoadedEditorAssemblies (0ms)
				RefreshPlugins (1ms)
				BeforeProcessingInitializeOnLoad (76ms)
				ProcessInitializeOnLoadAttributes (185ms)
				ProcessInitializeOnLoadMethodAttributes (38ms)
				AfterProcessingInitializeOnLoad (5ms)
				EditorAssembliesLoaded (0ms)
			ExecutionOrderSort2 (0ms)
			AwakeInstancesAfterBackupRestoration (8ms)
Platform modules already initialized, skipping
Refreshing native plugins compatible for Editor in 2.18 ms, found 4 plugins.
Preloading 0 native plugins for Editor in 0.00 ms.
Unloading 4064 Unused Serialized files (Serialized files now loaded: 0)
Unloading 31 unused Assets / (195.9 KB). Loaded Objects now: 4555.
Memory consumption went from 151.5 MB to 151.3 MB.
Total: 3.409500 ms (FindLiveObjects: 0.550000 ms CreateObjectMapping: 0.433900 ms MarkObjects: 2.273800 ms  DeleteObjects: 0.151100 ms)

AssetImportParameters requested are different than current active one (requested -> active):
  custom:video-decoder-ogg-theora: a1e56fd34408186e4bbccfd4996cb3dc -> 
  custom:container-muxer-webm: aa71ff27fc2769a1b78a27578f13a17b -> 
  custom:container-demuxer-webm: 4f35f7cbe854078d1ac9338744f61a02 -> 
  custom:video-encoder-webm-vp8: eb34c28f22e8b96e1ab97ce403110664 -> 
  custom:audio-encoder-webm-vorbis: bf7c407c2cedff20999df2af8eb42d56 -> 
  custom:framework-win-MediaFoundation: 216162199b28c13a410421893ffa2e32 -> 
  custom:container-demuxer-ogg: 62fdf1f143b41e24485cea50d1cbac27 -> 
  custom:video-decoder-webm-vp8: 9c59270c3fd7afecdb556c50c9e8de78 -> 
  custom:audio-decoder-ogg-vorbis: bf7c407c2cedff20999df2af8eb42d56 -> 
========================================================================
Received Import Request.
  Time since last request: 3546.305767 seconds.
  path: Assets/SunnyLand Artwork/Environment/Tileset/tileset-sliced_80.asset
  artifactKey: Guid(8ae3a87a378d25c41b1bd3099d07ad4b) Importer(815301076,1909f56bfc062723c751e8b465ee728b)
Start importing Assets/SunnyLand Artwork/Environment/Tileset/tileset-sliced_80.asset using Guid(8ae3a87a378d25c41b1bd3099d07ad4b) Importer(815301076,1909f56bfc062723c751e8b465ee728b)  -> (artifact id: 'e3a73e3f0a4fd5b3ee9a32acea773569') in 0.062359 seconds 
========================================================================
Received Import Request.
  Time since last request: 0.000024 seconds.
  path: Assets/SunnyLand Artwork/Environment/Tileset/tileset-sliced_81.asset
  artifactKey: Guid(dfa50464614d53b49aabdee1f66b799f) Importer(815301076,1909f56bfc062723c751e8b465ee728b)
Start importing Assets/SunnyLand Artwork/Environment/Tileset/tileset-sliced_81.asset using Guid(dfa50464614d53b49aabdee1f66b799f) Importer(815301076,1909f56bfc062723c751e8b465ee728b)  -> (artifact id: 'f3623de8da246c34c42543f3e9e2ccc4') in 0.015524 seconds 
========================================================================
Received Import Request.
  Time since last request: 0.000027 seconds.
  path: Assets/SunnyLand Artwork/Environment/Tileset/tileset-sliced_91.asset
  artifactKey: Guid(74561ab308b36374b945e095b269e0e8) Importer(815301076,1909f56bfc062723c751e8b465ee728b)
Start importing Assets/SunnyLand Artwork/Environment/Tileset/tileset-sliced_91.asset using Guid(74561ab308b36374b945e095b269e0e8) Importer(815301076,1909f56bfc062723c751e8b465ee728b)  -> (artifact id: '0a08803afba79310292887ff0fa4f315') in 0.013617 seconds 
========================================================================
Received Import Request.
  Time since last request: 0.000016 seconds.
  path: Assets/SunnyLand Artwork/Environment/Tileset/tileset-sliced_90.asset
  artifactKey: Guid(903124808b079484ab00d85e5076cf71) Importer(815301076,1909f56bfc062723c751e8b465ee728b)
Start importing Assets/SunnyLand Artwork/Environment/Tileset/tileset-sliced_90.asset using Guid(903124808b079484ab00d85e5076cf71) Importer(815301076,1909f56bfc062723c751e8b465ee728b)  -> (artifact id: '0493ccb276a5c681a11d3b6b64c0bac1') in 0.021223 seconds 
========================================================================
Received Import Request.
  Time since last request: 0.000029 seconds.
  path: Assets/SunnyLand Artwork/Environment/Tileset/tileset-sliced_85.asset
  artifactKey: Guid(6b1d8c50cc16b93438a5adc569a81b76) Importer(815301076,1909f56bfc062723c751e8b465ee728b)
Start importing Assets/SunnyLand Artwork/Environment/Tileset/tileset-sliced_85.asset using Guid(6b1d8c50cc16b93438a5adc569a81b76) Importer(815301076,1909f56bfc062723c751e8b465ee728b)  -> (artifact id: '67d06d1687f28221267a76d3526d3b83') in 0.014932 seconds 
========================================================================
Received Import Request.
  Time since last request: 0.000024 seconds.
  path: Assets/SunnyLand Artwork/Environment/Tileset/tileset-sliced_82.asset
  artifactKey: Guid(d0156377d09f6c34a85bd8fb0c0c14c1) Importer(815301076,1909f56bfc062723c751e8b465ee728b)
Start importing Assets/SunnyLand Artwork/Environment/Tileset/tileset-sliced_82.asset using Guid(d0156377d09f6c34a85bd8fb0c0c14c1) Importer(815301076,1909f56bfc062723c751e8b465ee728b)  -> (artifact id: 'd8fbeafc522774f98b9fd01ecd48b5a8') in 0.012994 seconds 
========================================================================
Received Import Request.
  Time since last request: 0.000014 seconds.
  path: Assets/SunnyLand Artwork/Environment/Tileset/tileset-sliced_88.asset
  artifactKey: Guid(7197e56390a633d4ca0dab4b43f1b762) Importer(815301076,1909f56bfc062723c751e8b465ee728b)
Start importing Assets/SunnyLand Artwork/Environment/Tileset/tileset-sliced_88.asset using Guid(7197e56390a633d4ca0dab4b43f1b762) Importer(815301076,1909f56bfc062723c751e8b465ee728b)  -> (artifact id: '0e0961d8fe4ffac39621a88b557c7863') in 0.012439 seconds 
========================================================================
Received Import Request.
  Time since last request: 0.000016 seconds.
  path: Assets/SunnyLand Artwork/Environment/Tileset/tileset-sliced_93.asset
  artifactKey: Guid(d08547a94b2615b4b838b4c4295940f8) Importer(815301076,1909f56bfc062723c751e8b465ee728b)
Start importing Assets/SunnyLand Artwork/Environment/Tileset/tileset-sliced_93.asset using Guid(d08547a94b2615b4b838b4c4295940f8) Importer(815301076,1909f56bfc062723c751e8b465ee728b)  -> (artifact id: '7a333b8692573d97c86600d18da02476') in 0.015259 seconds 
========================================================================
Received Import Request.
  Time since last request: 1.178889 seconds.
  path: Assets/SunnyLand Artwork/Environment/Tileset/tileset-sliced_96.asset
  artifactKey: Guid(2da0581e3a69dee46bd67ef0558303bd) Importer(815301076,1909f56bfc062723c751e8b465ee728b)
Start importing Assets/SunnyLand Artwork/Environment/Tileset/tileset-sliced_96.asset using Guid(2da0581e3a69dee46bd67ef0558303bd) Importer(815301076,1909f56bfc062723c751e8b465ee728b)  -> (artifact id: '68bcb48744a57dab768d950ce5e9afb1') in 0.011796 seconds 
========================================================================
Received Import Request.
  Time since last request: 0.000016 seconds.
  path: Assets/SunnyLand Artwork/Environment/Tileset/tileset-sliced_102.asset
  artifactKey: Guid(24daafe29b6f3634fab0ccce66a01e75) Importer(815301076,1909f56bfc062723c751e8b465ee728b)
Start importing Assets/SunnyLand Artwork/Environment/Tileset/tileset-sliced_102.asset using Guid(24daafe29b6f3634fab0ccce66a01e75) Importer(815301076,1909f56bfc062723c751e8b465ee728b)  -> (artifact id: '25a3db88cc53c60801399e7ae8a8394c') in 0.012825 seconds 
========================================================================
Received Import Request.
  Time since last request: 0.000020 seconds.
  path: Assets/SunnyLand Artwork/Environment/Tileset/tileset-sliced_105.asset
  artifactKey: Guid(702786ea6838f6f4abf83953a91e4961) Importer(815301076,1909f56bfc062723c751e8b465ee728b)
Start importing Assets/SunnyLand Artwork/Environment/Tileset/tileset-sliced_105.asset using Guid(702786ea6838f6f4abf83953a91e4961) Importer(815301076,1909f56bfc062723c751e8b465ee728b)  -> (artifact id: '6425646a0bfe2139152dd0da07561ee8') in 0.012395 seconds 
========================================================================
Received Import Request.
  Time since last request: 0.000025 seconds.
  path: Assets/SunnyLand Artwork/Environment/Tileset/tileset-sliced_110.asset
  artifactKey: Guid(356e51e55dc771d43a2af1141ac0c6ae) Importer(815301076,1909f56bfc062723c751e8b465ee728b)
Start importing Assets/SunnyLand Artwork/Environment/Tileset/tileset-sliced_110.asset using Guid(356e51e55dc771d43a2af1141ac0c6ae) Importer(815301076,1909f56bfc062723c751e8b465ee728b)  -> (artifact id: '91936448e61cf81065b272bd4452518d') in 0.012531 seconds 
========================================================================
Received Import Request.
  Time since last request: 0.000023 seconds.
  path: Assets/SunnyLand Artwork/Environment/Tileset/tileset-sliced_103.asset
  artifactKey: Guid(7646a69dd68f4ea498b5b936d64ce07f) Importer(815301076,1909f56bfc062723c751e8b465ee728b)
Start importing Assets/SunnyLand Artwork/Environment/Tileset/tileset-sliced_103.asset using Guid(7646a69dd68f4ea498b5b936d64ce07f) Importer(815301076,1909f56bfc062723c751e8b465ee728b)  -> (artifact id: '85536b9e6234ccbad3998cf42b06c668') in 0.013099 seconds 
========================================================================
Received Import Request.
  Time since last request: 0.000015 seconds.
  path: Assets/SunnyLand Artwork/Environment/Tileset/tileset-sliced_97.asset
  artifactKey: Guid(fab93e327bbd33a4fbf9b3fea2eb6063) Importer(815301076,1909f56bfc062723c751e8b465ee728b)
Start importing Assets/SunnyLand Artwork/Environment/Tileset/tileset-sliced_97.asset using Guid(fab93e327bbd33a4fbf9b3fea2eb6063) Importer(815301076,1909f56bfc062723c751e8b465ee728b)  -> (artifact id: '051da4897c690f5a22d94799b9696091') in 0.012693 seconds 
========================================================================
Received Import Request.
  Time since last request: 0.000018 seconds.
  path: Assets/SunnyLand Artwork/Environment/Tileset/tileset-sliced_101.asset
  artifactKey: Guid(d9209c26ad7b5b2488a99ef47d768a56) Importer(815301076,1909f56bfc062723c751e8b465ee728b)
Start importing Assets/SunnyLand Artwork/Environment/Tileset/tileset-sliced_101.asset using Guid(d9209c26ad7b5b2488a99ef47d768a56) Importer(815301076,1909f56bfc062723c751e8b465ee728b)  -> (artifact id: '9ef408652cc348b462bbcd4d04a35fe2') in 0.013170 seconds 
========================================================================
Received Import Request.
  Time since last request: 0.000027 seconds.
  path: Assets/SunnyLand Artwork/Environment/Tileset/tileset-sliced_109.asset
  artifactKey: Guid(88ebfe9a21771ba4abbdad7e0e8cde1f) Importer(815301076,1909f56bfc062723c751e8b465ee728b)
Start importing Assets/SunnyLand Artwork/Environment/Tileset/tileset-sliced_109.asset using Guid(88ebfe9a21771ba4abbdad7e0e8cde1f) Importer(815301076,1909f56bfc062723c751e8b465ee728b)  -> (artifact id: 'd0ab74d855a517a3a6e6c0f3e7b73d96') in 0.014409 seconds 
========================================================================
Received Import Request.
  Time since last request: 0.761703 seconds.
  path: Assets/SunnyLand Artwork/Environment/Tileset/tileset-sliced_112.asset
  artifactKey: Guid(ce280b8864d26644192ff34f7082bbd5) Importer(815301076,1909f56bfc062723c751e8b465ee728b)
Start importing Assets/SunnyLand Artwork/Environment/Tileset/tileset-sliced_112.asset using Guid(ce280b8864d26644192ff34f7082bbd5) Importer(815301076,1909f56bfc062723c751e8b465ee728b)  -> (artifact id: 'a04f1a771695948b9e33fe90a2ddbce6') in 0.012296 seconds 
========================================================================
Received Import Request.
  Time since last request: 0.000029 seconds.
  path: Assets/SunnyLand Artwork/Environment/Tileset/tileset-sliced_122.asset
  artifactKey: Guid(d196c04e921d9b74091edb8436f7e9ec) Importer(815301076,1909f56bfc062723c751e8b465ee728b)
Start importing Assets/SunnyLand Artwork/Environment/Tileset/tileset-sliced_122.asset using Guid(d196c04e921d9b74091edb8436f7e9ec) Importer(815301076,1909f56bfc062723c751e8b465ee728b)  -> (artifact id: '1f6552a30b12854f494d97ce724c0a07') in 0.012035 seconds 
========================================================================
Received Import Request.
  Time since last request: 0.000020 seconds.
  path: Assets/SunnyLand Artwork/Environment/Tileset/tileset-sliced_126.asset
  artifactKey: Guid(92eef5bde894aee4ca83a8d5b8bec657) Importer(815301076,1909f56bfc062723c751e8b465ee728b)
Start importing Assets/SunnyLand Artwork/Environment/Tileset/tileset-sliced_126.asset using Guid(92eef5bde894aee4ca83a8d5b8bec657) Importer(815301076,1909f56bfc062723c751e8b465ee728b)  -> (artifact id: '17a7d7b46f071cae03308b875725405a') in 0.011064 seconds 
========================================================================
Received Import Request.
  Time since last request: 0.000028 seconds.
  path: Assets/SunnyLand Artwork/Environment/Tileset/tileset-sliced_116.asset
  artifactKey: Guid(a75a0b2b05406ca4d952f5b870cd4054) Importer(815301076,1909f56bfc062723c751e8b465ee728b)
Start importing Assets/SunnyLand Artwork/Environment/Tileset/tileset-sliced_116.asset using Guid(a75a0b2b05406ca4d952f5b870cd4054) Importer(815301076,1909f56bfc062723c751e8b465ee728b)  -> (artifact id: '443e88a88f0f62fa2383005a8952e72b') in 0.011981 seconds 
========================================================================
Received Import Request.
  Time since last request: 0.000022 seconds.
  path: Assets/SunnyLand Artwork/Environment/Tileset/tileset-sliced_119.asset
  artifactKey: Guid(1735121839f70a64e87f9b212a625f67) Importer(815301076,1909f56bfc062723c751e8b465ee728b)
Start importing Assets/SunnyLand Artwork/Environment/Tileset/tileset-sliced_119.asset using Guid(1735121839f70a64e87f9b212a625f67) Importer(815301076,1909f56bfc062723c751e8b465ee728b)  -> (artifact id: 'b3988f34be5a52d9cfd4763cf5ce86ec') in 0.012723 seconds 
========================================================================
Received Import Request.
  Time since last request: 0.000023 seconds.
  path: Assets/SunnyLand Artwork/Environment/Tileset/tileset_3.asset
  artifactKey: Guid(0d72a7d21a399ee4f84b694bfa627ee9) Importer(815301076,1909f56bfc062723c751e8b465ee728b)
Start importing Assets/SunnyLand Artwork/Environment/Tileset/tileset_3.asset using Guid(0d72a7d21a399ee4f84b694bfa627ee9) Importer(815301076,1909f56bfc062723c751e8b465ee728b)  -> (artifact id: '689edf92c9b0b9a87684fd5930f9bfa5') in 0.010714 seconds 
========================================================================
Received Import Request.
  Time since last request: 0.000037 seconds.
  path: Assets/SunnyLand Artwork/Environment/Tileset/tileset_1.asset
  artifactKey: Guid(84f815afef4d44a43aa4393b83ebf354) Importer(815301076,1909f56bfc062723c751e8b465ee728b)
Start importing Assets/SunnyLand Artwork/Environment/Tileset/tileset_1.asset using Guid(84f815afef4d44a43aa4393b83ebf354) Importer(815301076,1909f56bfc062723c751e8b465ee728b)  -> (artifact id: '9c6b2346349bef926e691c2487c224cb') in 0.011018 seconds 
========================================================================
Received Import Request.
  Time since last request: 0.000021 seconds.
  path: Assets/SunnyLand Artwork/Environment/Tileset/tileset_9.asset
  artifactKey: Guid(61c8e5a25e889f341800bb18bbb20f7d) Importer(815301076,1909f56bfc062723c751e8b465ee728b)
Start importing Assets/SunnyLand Artwork/Environment/Tileset/tileset_9.asset using Guid(61c8e5a25e889f341800bb18bbb20f7d) Importer(815301076,1909f56bfc062723c751e8b465ee728b)  -> (artifact id: 'ebd248b93d79f0ec80e26f849c8c9aed') in 0.010493 seconds 
========================================================================
Received Import Request.
  Time since last request: 0.000024 seconds.
  path: Assets/SunnyLand Artwork/Environment/Tileset/tileset-sliced_121.asset
  artifactKey: Guid(589ddd6a4136a7342b3950abecb89e2c) Importer(815301076,1909f56bfc062723c751e8b465ee728b)
Start importing Assets/SunnyLand Artwork/Environment/Tileset/tileset-sliced_121.asset using Guid(589ddd6a4136a7342b3950abecb89e2c) Importer(815301076,1909f56bfc062723c751e8b465ee728b)  -> (artifact id: '81ec32966cd02e0ba1010c3374b879e1') in 0.012878 seconds 
========================================================================
Received Import Request.
  Time since last request: 0.000020 seconds.
  path: Assets/SunnyLand Artwork/Environment/Tileset/tileset_6.asset
  artifactKey: Guid(297e4f2981fafa044826b511b922ed3e) Importer(815301076,1909f56bfc062723c751e8b465ee728b)
Start importing Assets/SunnyLand Artwork/Environment/Tileset/tileset_6.asset using Guid(297e4f2981fafa044826b511b922ed3e) Importer(815301076,1909f56bfc062723c751e8b465ee728b)  -> (artifact id: 'f5172b5f11b074859be191e99657f4aa') in 0.011210 seconds 
========================================================================
Received Import Request.
  Time since last request: 0.000023 seconds.
  path: Assets/SunnyLand Artwork/Environment/Tileset/tileset_8.asset
  artifactKey: Guid(3907c14ddda71e647ae330c678f02cb0) Importer(815301076,1909f56bfc062723c751e8b465ee728b)
Start importing Assets/SunnyLand Artwork/Environment/Tileset/tileset_8.asset using Guid(3907c14ddda71e647ae330c678f02cb0) Importer(815301076,1909f56bfc062723c751e8b465ee728b)  -> (artifact id: '62dbcc875e5280318d233c0d7bea547c') in 0.010831 seconds 
========================================================================
Received Import Request.
  Time since last request: 0.000024 seconds.
  path: Assets/SunnyLand Artwork/Environment/Tileset/tileset-sliced_117.asset
  artifactKey: Guid(b19f1edd95b052d47943ba291d5dec4f) Importer(815301076,1909f56bfc062723c751e8b465ee728b)
Start importing Assets/SunnyLand Artwork/Environment/Tileset/tileset-sliced_117.asset using Guid(b19f1edd95b052d47943ba291d5dec4f) Importer(815301076,1909f56bfc062723c751e8b465ee728b)  -> (artifact id: 'de3bd7a5dc4d190d532f665c61e06ca7') in 0.011864 seconds 
========================================================================
Received Import Request.
  Time since last request: 0.000019 seconds.
  path: Assets/SunnyLand Artwork/Environment/Tileset/tileset_12.asset
  artifactKey: Guid(04e47a048a651c5498966df9616622ed) Importer(815301076,1909f56bfc062723c751e8b465ee728b)
Start importing Assets/SunnyLand Artwork/Environment/Tileset/tileset_12.asset using Guid(04e47a048a651c5498966df9616622ed) Importer(815301076,1909f56bfc062723c751e8b465ee728b)  -> (artifact id: '280bf9670c3d7bec707f4f806334cfbf') in 0.009402 seconds 
========================================================================
Received Import Request.
  Time since last request: 0.000016 seconds.
  path: Assets/SunnyLand Artwork/Environment/Tileset/tileset_7.asset
  artifactKey: Guid(83378228d1808e54ea43434eda9482e3) Importer(815301076,1909f56bfc062723c751e8b465ee728b)
Start importing Assets/SunnyLand Artwork/Environment/Tileset/tileset_7.asset using Guid(83378228d1808e54ea43434eda9482e3) Importer(815301076,1909f56bfc062723c751e8b465ee728b)  -> (artifact id: 'b166b0f1b4d885490c29769ddbeed4bd') in 0.010378 seconds 
========================================================================
Received Import Request.
  Time since last request: 0.000018 seconds.
  path: Assets/SunnyLand Artwork/Environment/Tileset/tileset-sliced_127.asset
  artifactKey: Guid(ec3def75f01e94748978c225c79d0db9) Importer(815301076,1909f56bfc062723c751e8b465ee728b)
Start importing Assets/SunnyLand Artwork/Environment/Tileset/tileset-sliced_127.asset using Guid(ec3def75f01e94748978c225c79d0db9) Importer(815301076,1909f56bfc062723c751e8b465ee728b)  -> (artifact id: 'f284eb463975ff027e020af097e0c953') in 0.012509 seconds 
========================================================================
Received Import Request.
  Time since last request: 0.000017 seconds.
  path: Assets/SunnyLand Artwork/Environment/Tileset/tileset-sliced_115.asset
  artifactKey: Guid(91e72082293ffcd43a34ec6fd0b1ef6a) Importer(815301076,1909f56bfc062723c751e8b465ee728b)
Start importing Assets/SunnyLand Artwork/Environment/Tileset/tileset-sliced_115.asset using Guid(91e72082293ffcd43a34ec6fd0b1ef6a) Importer(815301076,1909f56bfc062723c751e8b465ee728b)  -> (artifact id: '11594abe89ab1d90b3538416455f2fae') in 0.011558 seconds 
========================================================================
Received Import Request.
  Time since last request: 0.236952 seconds.
  path: Assets/SunnyLand Artwork/Environment/Tileset/tileset_16.asset
  artifactKey: Guid(4fa2771b2cb6a3740b771d8343c77633) Importer(815301076,1909f56bfc062723c751e8b465ee728b)
Start importing Assets/SunnyLand Artwork/Environment/Tileset/tileset_16.asset using Guid(4fa2771b2cb6a3740b771d8343c77633) Importer(815301076,1909f56bfc062723c751e8b465ee728b)  -> (artifact id: '04422dfd9f729f6eeedfe1b34bec7a6a') in 0.009552 seconds 
========================================================================
Received Import Request.
  Time since last request: 0.000015 seconds.
  path: Assets/SunnyLand Artwork/Environment/Tileset/tileset_22.asset
  artifactKey: Guid(06550fa9002237d4fb02c42e0120fdd4) Importer(815301076,1909f56bfc062723c751e8b465ee728b)
Start importing Assets/SunnyLand Artwork/Environment/Tileset/tileset_22.asset using Guid(06550fa9002237d4fb02c42e0120fdd4) Importer(815301076,1909f56bfc062723c751e8b465ee728b)  -> (artifact id: 'c5065a25f31939bb68307bb1698a7375') in 0.009800 seconds 
========================================================================
Received Import Request.
  Time since last request: 0.000015 seconds.
  path: Assets/SunnyLand Artwork/Environment/Tileset/tileset_18.asset
  artifactKey: Guid(0fb07c1a4e1326345bc621bb00160fec) Importer(815301076,1909f56bfc062723c751e8b465ee728b)
Start importing Assets/SunnyLand Artwork/Environment/Tileset/tileset_18.asset using Guid(0fb07c1a4e1326345bc621bb00160fec) Importer(815301076,1909f56bfc062723c751e8b465ee728b)  -> (artifact id: 'c3aef8c4e1f2726a9d914ed51e11c26b') in 0.010511 seconds 
========================================================================
Received Import Request.
  Time since last request: 0.000016 seconds.
  path: Assets/SunnyLand Artwork/Environment/Tileset/tileset_17.asset
  artifactKey: Guid(a2568989b96eff441b8422bbda965781) Importer(815301076,1909f56bfc062723c751e8b465ee728b)
Start importing Assets/SunnyLand Artwork/Environment/Tileset/tileset_17.asset using Guid(a2568989b96eff441b8422bbda965781) Importer(815301076,1909f56bfc062723c751e8b465ee728b)  -> (artifact id: '7be11a699335ed0c5132e35b7f2fe5f1') in 0.012022 seconds 
========================================================================
Received Import Request.
  Time since last request: 0.000021 seconds.
  path: Assets/SunnyLand Artwork/Environment/Tileset/tileset_27.asset
  artifactKey: Guid(f8e435a82860ba34e84f6d70e4c90008) Importer(815301076,1909f56bfc062723c751e8b465ee728b)
Start importing Assets/SunnyLand Artwork/Environment/Tileset/tileset_27.asset using Guid(f8e435a82860ba34e84f6d70e4c90008) Importer(815301076,1909f56bfc062723c751e8b465ee728b)  -> (artifact id: '45291251f6e4381a4f2eb443d11b406e') in 0.011253 seconds 
========================================================================
Received Import Request.
  Time since last request: 0.000024 seconds.
  path: Assets/SunnyLand Artwork/Environment/Tileset/tileset_28.asset
  artifactKey: Guid(94f173b3344445b4f98e2133d388db4f) Importer(815301076,1909f56bfc062723c751e8b465ee728b)
Start importing Assets/SunnyLand Artwork/Environment/Tileset/tileset_28.asset using Guid(94f173b3344445b4f98e2133d388db4f) Importer(815301076,1909f56bfc062723c751e8b465ee728b)  -> (artifact id: '69e82968baa8d733091bf2aa467564b9') in 0.010612 seconds 
========================================================================
Received Import Request.
  Time since last request: 0.000018 seconds.
  path: Assets/SunnyLand Artwork/Environment/Tileset/tileset_30.asset
  artifactKey: Guid(3571755bba4191b4ba926cbb3cdc6c72) Importer(815301076,1909f56bfc062723c751e8b465ee728b)
Start importing Assets/SunnyLand Artwork/Environment/Tileset/tileset_30.asset using Guid(3571755bba4191b4ba926cbb3cdc6c72) Importer(815301076,1909f56bfc062723c751e8b465ee728b)  -> (artifact id: '3e22ad7f8fd56e1b419a98cf70e5d4bb') in 0.011780 seconds 
========================================================================
Received Import Request.
  Time since last request: 0.000018 seconds.
  path: Assets/SunnyLand Artwork/Environment/Tileset/tileset_20.asset
  artifactKey: Guid(e115da6356b0b4446b1385aae561a489) Importer(815301076,1909f56bfc062723c751e8b465ee728b)
Start importing Assets/SunnyLand Artwork/Environment/Tileset/tileset_20.asset using Guid(e115da6356b0b4446b1385aae561a489) Importer(815301076,1909f56bfc062723c751e8b465ee728b)  -> (artifact id: 'ff6f04cdc43c059203c84293bd51c0af') in 0.012129 seconds 
========================================================================
Received Import Request.
  Time since last request: 0.293521 seconds.
  path: Assets/SunnyLand Artwork/Environment/Tileset/tileset_32.asset
  artifactKey: Guid(6e5269bfadb3312438bc3e5b0e876c06) Importer(815301076,1909f56bfc062723c751e8b465ee728b)
Start importing Assets/SunnyLand Artwork/Environment/Tileset/tileset_32.asset using Guid(6e5269bfadb3312438bc3e5b0e876c06) Importer(815301076,1909f56bfc062723c751e8b465ee728b)  -> (artifact id: '9959903a4abbca4280db5b27b9251cbb') in 0.011046 seconds 
========================================================================
Received Import Request.
  Time since last request: 0.000026 seconds.
  path: Assets/SunnyLand Artwork/Environment/Tileset/tileset_36.asset
  artifactKey: Guid(ae11b16ed72e9a74185864a41a052747) Importer(815301076,1909f56bfc062723c751e8b465ee728b)
Start importing Assets/SunnyLand Artwork/Environment/Tileset/tileset_36.asset using Guid(ae11b16ed72e9a74185864a41a052747) Importer(815301076,1909f56bfc062723c751e8b465ee728b)  -> (artifact id: 'ed914e4edfae746c746ddbaedb4381f4') in 0.012366 seconds 
========================================================================
Received Import Request.
  Time since last request: 0.000030 seconds.
  path: Assets/SunnyLand Artwork/Environment/Tileset/tileset_35.asset
  artifactKey: Guid(4d2f445386a10364f9cb8997efcc7109) Importer(815301076,1909f56bfc062723c751e8b465ee728b)
Start importing Assets/SunnyLand Artwork/Environment/Tileset/tileset_35.asset using Guid(4d2f445386a10364f9cb8997efcc7109) Importer(815301076,1909f56bfc062723c751e8b465ee728b)  -> (artifact id: 'a681204891b44d90d8417479f578de1e') in 0.009792 seconds 
========================================================================
Received Import Request.
  Time since last request: 0.000020 seconds.
  path: Assets/SunnyLand Artwork/Environment/Tileset/tileset_42.asset
  artifactKey: Guid(f4baef240324b8243b183e022f47bdfe) Importer(815301076,1909f56bfc062723c751e8b465ee728b)
Start importing Assets/SunnyLand Artwork/Environment/Tileset/tileset_42.asset using Guid(f4baef240324b8243b183e022f47bdfe) Importer(815301076,1909f56bfc062723c751e8b465ee728b)  -> (artifact id: '8030227a2ac2dfc5a691e878539f77d0') in 0.013382 seconds 
========================================================================
Received Import Request.
  Time since last request: 0.000016 seconds.
  path: Assets/SunnyLand Artwork/Environment/Tileset/tileset_41.asset
  artifactKey: Guid(aecb98b36dca4ae499576b2132b7c582) Importer(815301076,1909f56bfc062723c751e8b465ee728b)
Start importing Assets/SunnyLand Artwork/Environment/Tileset/tileset_41.asset using Guid(aecb98b36dca4ae499576b2132b7c582) Importer(815301076,1909f56bfc062723c751e8b465ee728b)  -> (artifact id: 'e1ca41054b04938b4b39442537dc8213') in 0.013621 seconds 
========================================================================
Received Import Request.
  Time since last request: 0.549219 seconds.
  path: Assets/SunnyLand Artwork/Environment/Tileset/tileset_49.asset
  artifactKey: Guid(b9d3a705739a8be42ba821de01fe450a) Importer(815301076,1909f56bfc062723c751e8b465ee728b)
Start importing Assets/SunnyLand Artwork/Environment/Tileset/tileset_49.asset using Guid(b9d3a705739a8be42ba821de01fe450a) Importer(815301076,1909f56bfc062723c751e8b465ee728b)  -> (artifact id: '0cb01656acfb612592252ae07b46bcf4') in 0.011087 seconds 
========================================================================
Received Import Request.
  Time since last request: 0.000017 seconds.
  path: Assets/SunnyLand Artwork/Environment/Tileset/tileset_59.asset
  artifactKey: Guid(fb3f9d3b2c2e01d46859aae748692923) Importer(815301076,1909f56bfc062723c751e8b465ee728b)
Start importing Assets/SunnyLand Artwork/Environment/Tileset/tileset_59.asset using Guid(fb3f9d3b2c2e01d46859aae748692923) Importer(815301076,1909f56bfc062723c751e8b465ee728b)  -> (artifact id: '1daae72e7519353b86c21261cbb5deed') in 0.012728 seconds 
========================================================================
Received Import Request.
  Time since last request: 0.000031 seconds.
  path: Assets/SunnyLand Artwork/Environment/Tileset/tileset_57.asset
  artifactKey: Guid(42364aff693023b43a6089e6eabfad97) Importer(815301076,1909f56bfc062723c751e8b465ee728b)
Start importing Assets/SunnyLand Artwork/Environment/Tileset/tileset_57.asset using Guid(42364aff693023b43a6089e6eabfad97) Importer(815301076,1909f56bfc062723c751e8b465ee728b)  -> (artifact id: '17e4bb1e471968a88a09c747988d8826') in 0.012540 seconds 
========================================================================
Received Import Request.
  Time since last request: 0.000018 seconds.
  path: Assets/SunnyLand Artwork/Environment/Tileset/tileset_56.asset
  artifactKey: Guid(5e2c6a14d374b9a42b4809d06003ce9d) Importer(815301076,1909f56bfc062723c751e8b465ee728b)
Start importing Assets/SunnyLand Artwork/Environment/Tileset/tileset_56.asset using Guid(5e2c6a14d374b9a42b4809d06003ce9d) Importer(815301076,1909f56bfc062723c751e8b465ee728b)  -> (artifact id: '27fb398842488018baf523ff70c8e084') in 0.012431 seconds 
========================================================================
Received Import Request.
  Time since last request: 0.028150 seconds.
  path: Assets/SunnyLand Artwork/Environment/Tileset/tileset_65.asset
  artifactKey: Guid(041b86caf25287046b3c9ad969c9e6f3) Importer(815301076,1909f56bfc062723c751e8b465ee728b)
Start importing Assets/SunnyLand Artwork/Environment/Tileset/tileset_65.asset using Guid(041b86caf25287046b3c9ad969c9e6f3) Importer(815301076,1909f56bfc062723c751e8b465ee728b)  -> (artifact id: '1adae39816e92313a43735c953aac7b9') in 0.011083 seconds 
========================================================================
Received Import Request.
  Time since last request: 0.000025 seconds.
  path: Assets/SunnyLand Artwork/Environment/Tileset/tileset_74.asset
  artifactKey: Guid(4f4069c0ffc7b094693aa23267b44e26) Importer(815301076,1909f56bfc062723c751e8b465ee728b)
Start importing Assets/SunnyLand Artwork/Environment/Tileset/tileset_74.asset using Guid(4f4069c0ffc7b094693aa23267b44e26) Importer(815301076,1909f56bfc062723c751e8b465ee728b)  -> (artifact id: 'ae9955f3055d6ad1d9ff870a0939fa0a') in 0.010877 seconds 
========================================================================
Received Import Request.
  Time since last request: 0.000018 seconds.
  path: Assets/SunnyLand Artwork/Environment/Tileset/tileset_69.asset
  artifactKey: Guid(b3a355028c924014d974ba485913eaa5) Importer(815301076,1909f56bfc062723c751e8b465ee728b)
Start importing Assets/SunnyLand Artwork/Environment/Tileset/tileset_69.asset using Guid(b3a355028c924014d974ba485913eaa5) Importer(815301076,1909f56bfc062723c751e8b465ee728b)  -> (artifact id: 'ee74e8161a9139588f7322fb151b3d1d') in 0.016837 seconds 
========================================================================
Received Import Request.
  Time since last request: 0.000023 seconds.
  path: Assets/SunnyLand Artwork/Environment/Tileset/tileset_70.asset
  artifactKey: Guid(e5adde6f61cfd184eadc646db909594f) Importer(815301076,1909f56bfc062723c751e8b465ee728b)
Start importing Assets/SunnyLand Artwork/Environment/Tileset/tileset_70.asset using Guid(e5adde6f61cfd184eadc646db909594f) Importer(815301076,1909f56bfc062723c751e8b465ee728b)  -> (artifact id: '19ec63f22c81438cd790c2e16c6791be') in 0.010334 seconds 
========================================================================
Received Import Request.
  Time since last request: 0.368090 seconds.
  path: Assets/SunnyLand Artwork/Environment/Tileset/tileset_81.asset
  artifactKey: Guid(27122d8a9ccdad84daea8bfe76a04d66) Importer(815301076,1909f56bfc062723c751e8b465ee728b)
Start importing Assets/SunnyLand Artwork/Environment/Tileset/tileset_81.asset using Guid(27122d8a9ccdad84daea8bfe76a04d66) Importer(815301076,1909f56bfc062723c751e8b465ee728b)  -> (artifact id: '30dacc030ebeb444ff1b8360c0e9fea8') in 0.008944 seconds 
========================================================================
Received Import Request.
  Time since last request: 0.000028 seconds.
  path: Assets/SunnyLand Artwork/Environment/Tileset/tileset_93.asset
  artifactKey: Guid(e17edbef205304e4689a531f52970fa4) Importer(815301076,1909f56bfc062723c751e8b465ee728b)
Start importing Assets/SunnyLand Artwork/Environment/Tileset/tileset_93.asset using Guid(e17edbef205304e4689a531f52970fa4) Importer(815301076,1909f56bfc062723c751e8b465ee728b)  -> (artifact id: 'f233df1818863c77821e66d6356ce4cf') in 0.012458 seconds 
========================================================================
Received Import Request.
  Time since last request: 0.000019 seconds.
  path: Assets/SunnyLand Artwork/Environment/Tileset/tileset_90.asset
  artifactKey: Guid(f0ccdc490c834994abc5787ab448fefc) Importer(815301076,1909f56bfc062723c751e8b465ee728b)
Start importing Assets/SunnyLand Artwork/Environment/Tileset/tileset_90.asset using Guid(f0ccdc490c834994abc5787ab448fefc) Importer(815301076,1909f56bfc062723c751e8b465ee728b)  -> (artifact id: 'ee180b1b3d4a4675091f167a67318a22') in 0.012592 seconds 
========================================================================
Received Import Request.
  Time since last request: 0.000022 seconds.
  path: Assets/SunnyLand Artwork/Environment/Tileset/tileset_89.asset
  artifactKey: Guid(9339f0db20d3ce34b8bac2e79a2a904b) Importer(815301076,1909f56bfc062723c751e8b465ee728b)
Start importing Assets/SunnyLand Artwork/Environment/Tileset/tileset_89.asset using Guid(9339f0db20d3ce34b8bac2e79a2a904b) Importer(815301076,1909f56bfc062723c751e8b465ee728b)  -> (artifact id: '9a14d120d6b26b02c7a9c56ce86f98fa') in 0.013654 seconds 
========================================================================
Received Import Request.
  Time since last request: 0.000023 seconds.
  path: Assets/SunnyLand Artwork/Environment/Tileset/tileset_97.asset
  artifactKey: Guid(0ba72a06aab68684fa4fea5ae870558c) Importer(815301076,1909f56bfc062723c751e8b465ee728b)
Start importing Assets/SunnyLand Artwork/Environment/Tileset/tileset_97.asset using Guid(0ba72a06aab68684fa4fea5ae870558c) Importer(815301076,1909f56bfc062723c751e8b465ee728b)  -> (artifact id: '44e3f34870ee052b61c1a8baa2c74ef5') in 0.013229 seconds 
========================================================================
Received Import Request.
  Time since last request: 0.000028 seconds.
  path: Assets/SunnyLand Artwork/Environment/Tileset/tileset_102.asset
  artifactKey: Guid(5c30538ad81883644914a2f7fa4ba235) Importer(815301076,1909f56bfc062723c751e8b465ee728b)
Start importing Assets/SunnyLand Artwork/Environment/Tileset/tileset_102.asset using Guid(5c30538ad81883644914a2f7fa4ba235) Importer(815301076,1909f56bfc062723c751e8b465ee728b)  -> (artifact id: '8908a93873945dda5cc38d5bc89c92f5') in 0.011740 seconds 
========================================================================
Received Import Request.
  Time since last request: 0.000018 seconds.
  path: Assets/SunnyLand Artwork/Environment/Tileset/tileset_107.asset
  artifactKey: Guid(dc5ccd759b78a984eb2da40fa009bbac) Importer(815301076,1909f56bfc062723c751e8b465ee728b)
Start importing Assets/SunnyLand Artwork/Environment/Tileset/tileset_107.asset using Guid(dc5ccd759b78a984eb2da40fa009bbac) Importer(815301076,1909f56bfc062723c751e8b465ee728b)  -> (artifact id: '714f9130ee3e0a5d03bc7f2c3c8d8eb2') in 0.013267 seconds 
========================================================================
Received Import Request.
  Time since last request: 0.000043 seconds.
  path: Assets/SunnyLand Artwork/Environment/Tileset/tileset_105.asset
  artifactKey: Guid(098d0712ca343bc459966e993bb18798) Importer(815301076,1909f56bfc062723c751e8b465ee728b)
Start importing Assets/SunnyLand Artwork/Environment/Tileset/tileset_105.asset using Guid(098d0712ca343bc459966e993bb18798) Importer(815301076,1909f56bfc062723c751e8b465ee728b)  -> (artifact id: '72e68c502c30df4ba6567c1d1135bc61') in 0.015052 seconds 
========================================================================
Received Import Request.
  Time since last request: 0.237747 seconds.
  path: Assets/SunnyLand Artwork/Environment/Tileset/tileset_113.asset
  artifactKey: Guid(34bd81e1cbb5de34eb0b925a30d83cbe) Importer(815301076,1909f56bfc062723c751e8b465ee728b)
Start importing Assets/SunnyLand Artwork/Environment/Tileset/tileset_113.asset using Guid(34bd81e1cbb5de34eb0b925a30d83cbe) Importer(815301076,1909f56bfc062723c751e8b465ee728b)  -> (artifact id: 'dff19d014b47ab3f9d400d3d3f97f225') in 0.010689 seconds 
========================================================================
Received Import Request.
  Time since last request: 0.000016 seconds.
  path: Assets/SunnyLand Artwork/Environment/Tileset/tileset_116.asset
  artifactKey: Guid(7d1d36a485942d847aba0c33bfc8b876) Importer(815301076,1909f56bfc062723c751e8b465ee728b)
Start importing Assets/SunnyLand Artwork/Environment/Tileset/tileset_116.asset using Guid(7d1d36a485942d847aba0c33bfc8b876) Importer(815301076,1909f56bfc062723c751e8b465ee728b)  -> (artifact id: '13dc87da8691cc40a105c88322e68002') in 0.012158 seconds 
========================================================================
Received Import Request.
  Time since last request: 0.000017 seconds.
  path: Assets/SunnyLand Artwork/Environment/Tileset/tileset_118.asset
  artifactKey: Guid(afc0056ff73931544a72236c11305898) Importer(815301076,1909f56bfc062723c751e8b465ee728b)
Start importing Assets/SunnyLand Artwork/Environment/Tileset/tileset_118.asset using Guid(afc0056ff73931544a72236c11305898) Importer(815301076,1909f56bfc062723c751e8b465ee728b)  -> (artifact id: '8c4b9c6b8e08ed1dbdc46fafdf35657a') in 0.012587 seconds 
========================================================================
Received Import Request.
  Time since last request: 0.000016 seconds.
  path: Assets/SunnyLand Artwork/Environment/Tileset/tileset_120.asset
  artifactKey: Guid(396e1ed5fdc14f748ac7bfb8d091d5f5) Importer(815301076,1909f56bfc062723c751e8b465ee728b)
Start importing Assets/SunnyLand Artwork/Environment/Tileset/tileset_120.asset using Guid(396e1ed5fdc14f748ac7bfb8d091d5f5) Importer(815301076,1909f56bfc062723c751e8b465ee728b)  -> (artifact id: 'a52346919a16881e0535b0f34eaa33b8') in 0.011978 seconds 
Editor requested this worker to shutdown with reason: Scaling down because of idle timeout
AssetImportWorker is now disconnected from the server
Process exiting
Exiting without the bug reporter. Application will terminate with return code 0